Aug 19 18:22 : ffmpeg/mov,mp4,m4a,3gp,3g2,mj2: stream 0, timescale not set
Aug 19 18:22 : update: added /Sajjan Raj Vaidya - Lukaamaari [Official Music Video].m4a
Aug 19 18:22 : update: added /Hans Zimmer & Alan Walker – Time (Official Remix).m4a
Aug 19 18:22 : ffmpeg/mov,mp4,m4a,3gp,3g2,mj2: stream 0, timescale not set
Aug 19 18:22 : update: added /Sajjan Raj Vaidya - Ultaa Paailaa [Official Lyrical Video Release].m4a
Aug 19 18:22 : update: added /Alan Walker, Sabrina Carpenter & Farruko  - On My Way.m4a
Aug 19 18:22 : ffmpeg/mov,mp4,m4a,3gp,3g2,mj2: stream 0, timescale not set
Aug 19 18:22 : update: added /Alan Walker x salem ilese - Fake A Smile (Official Music Video).m4a
Aug 19 18:22 : ffmpeg/mov,mp4,m4a,3gp,3g2,mj2: stream 0, timescale not set
Aug 19 18:22 : update: added /【女性が歌う】ふたりごと-RADWIMPS(Covered by コバソロ & 春茶).m4a
Aug 19 18:22 : ffmpeg/mov,mp4,m4a,3gp,3g2,mj2: stream 0, timescale not set
Aug 19 18:22 : update: added /Dr. Dre - Forgot About Dre ft. Eminem, Hittman.m4a
Aug 19 18:22 : ffmpeg/mov,mp4,m4a,3gp,3g2,mj2: stream 0, timescale not set
Aug 19 18:22 : update: added /XXXTENTACION - MOONLIGHT (OFFICIAL MUSIC VIDEO).m4a
Aug 19 18:22 : ffmpeg/mov,mp4,m4a,3gp,3g2,mj2: stream 0, timescale not set
Aug 19 18:22 : update: added /Alan Walker - I Don't Wanna Go (Official Lyric Video).m4a
Aug 19 18:22 : ffmpeg/mov,mp4,m4a,3gp,3g2,mj2: stream 0, timescale not set
Aug 19 18:22 : update: added /Senorita - Kurt Hugo Schneider Version.m4a
Aug 19 18:22 : ffmpeg/mov,mp4,m4a,3gp,3g2,mj2: stream 0, timescale not set
Aug 19 18:22 : update: added /Sushant KC - Gulabi (Official Lyric Video).m4a
Aug 19 18:22 : ffmpeg/mov,mp4,m4a,3gp,3g2,mj2: stream 0, timescale not set
Aug 19 18:22 : update: added /Kygo - Stranger Things ft. OneRepublic (Alan Walker Remix).m4a
Aug 19 18:22 : ffmpeg/mov,mp4,m4a,3gp,3g2,mj2: stream 0, timescale not set
Aug 19 18:22 : update: added /YOASOBI「ハルカ」Official Music Video.m4a
Aug 19 18:22 : ffmpeg/mov,mp4,m4a,3gp,3g2,mj2: stream 0, timescale not set
Aug 19 18:22 : update: added /Sub Urban - Cradles [Official Music Video].m4a
Aug 19 18:22 : ffmpeg/mov,mp4,m4a,3gp,3g2,mj2: stream 0, timescale not set
Aug 19 18:22 : update: added /【女性が歌う】棒人間-RADWIMPS『フランケンシュタインの恋』主題歌(Full Covered by コバソロ & 春茶).m4a
Aug 19 18:22 : ffmpeg/mov,mp4,m4a,3gp,3g2,mj2: Format mov,mp4,m4a,3gp,3g2,mj2 detected only with low score of 1, misdetection possible!
Aug 19 18:22 : ffmpeg/mov,mp4,m4a,3gp,3g2,mj2: moov atom not found
Aug 19 18:22 : ffmpeg/mov,mp4,m4a,3gp,3g2,mj2: stream 0, timescale not set
Aug 19 18:22 : update: added /NF - Motivated (Audio).m4a
Aug 19 18:22 : update: added /NF - Chasing_(Demo) ft. Mikayla Sippel.m4a
Aug 19 18:22 : ffmpeg/mov,mp4,m4a,3gp,3g2,mj2: stream 0, timescale not set
Aug 19 18:22 : update: added /Eminem - Cleanin' Out My Closet (Official Music Video).m4a
Aug 19 18:22 : update: added /NF - JUST LIKE YOU (Audio).m4a
Aug 19 18:22 : update: added /Masked Wolf - Astronaut In The Ocean (Official Music Video).m4a
Aug 19 18:22 : update: added /Avicii - Trouble .webm
Aug 19 18:22 : ffmpeg/mov,mp4,m4a,3gp,3g2,mj2: Format mov,mp4,m4a,3gp,3g2,mj2 detected only with low score of 1, misdetection possible!
Aug 19 18:22 : ffmpeg/mov,mp4,m4a,3gp,3g2,mj2: moov atom not found
Aug 19 18:22 : ffmpeg/mov,mp4,m4a,3gp,3g2,mj2: stream 0, timescale not set
Aug 19 18:22 : update: added /Stellar - Bad Dream (Official Video).m4a
Aug 19 18:22 : ffmpeg/mov,mp4,m4a,3gp,3g2,mj2: stream 0, timescale not set
Aug 19 18:22 : update: added /【女性が歌う】ひまわりの約束-秦基博 'STAND BY ME ドラえもん'主題歌 （Full Covered by コバソロ & 春茶）.m4a
Aug 19 18:22 : ffmpeg/mov,mp4,m4a,3gp,3g2,mj2: Format mov,mp4,m4a,3gp,3g2,mj2 detected only with low score of 1, misdetection possible!
Aug 19 18:22 : ffmpeg/mov,mp4,m4a,3gp,3g2,mj2: moov atom not found
Aug 19 18:22 : ffmpeg/mov,mp4,m4a,3gp,3g2,mj2: stream 0, timescale not set
Aug 19 18:22 : update: added /Milly, Farruko, Jay Wheeler, Nio Garcia & Amenazzy - No Te Enamores (Alan Walker.m4a
Aug 19 18:22 : update: added /NF - I Can Feel It (Audio).m4a
Aug 19 18:22 : update: added /eminem - superman.m4a
Aug 19 18:22 : ffmpeg/mov,mp4,m4a,3gp,3g2,mj2: stream 0, timescale not set
Aug 19 18:22 : update: added /Alan Walker - Spectre.m4a
Aug 19 18:22 : update: added /Eminem - We Made You (Official Music Video).m4a
Aug 19 18:22 : update: added /Tyla Yaweh - Hands Up (Official Music Video) ft. Morray.m4a
Aug 19 18:22 : ffmpeg/mov,mp4,m4a,3gp,3g2,mj2: stream 0, timescale not set
Aug 19 18:22 : update: added /NF - All I Do (Audio).m4a
Aug 19 18:22 : ffmpeg/mov,mp4,m4a,3gp,3g2,mj2: stream 0, timescale not set
Aug 19 18:22 : update: added /Eminem - Love The Way You Lie ft. Rihanna.m4a
Aug 19 18:22 : ffmpeg/mov,mp4,m4a,3gp,3g2,mj2: stream 0, timescale not set
Aug 19 18:22 : update: added /Masayoshi Oishi - Shinda! (Yuusha ga Shinda! OP) Full Soundtrack.m4a
Aug 19 18:22 : ffmpeg/mov,mp4,m4a,3gp,3g2,mj2: stream 0, timescale not set
Aug 19 18:22 : update: added /Avicii - Can't Catch Me (Lyric Video).m4a
Aug 19 18:22 : ffmpeg/mov,mp4,m4a,3gp,3g2,mj2: stream 0, timescale not set
Aug 19 18:22 : update: added /The Chainsmokers - Bloodstream (Audio).m4a
Aug 19 18:22 : update: added /Alan Walker x Winona Oak - World We Used To Know (Lyric Video).m4a
Aug 19 18:22 : ffmpeg/mov,mp4,m4a,3gp,3g2,mj2: stream 0, timescale not set
Aug 19 18:22 : update: added /NF - Outcast.m4a
Aug 19 18:22 : ffmpeg/mov,mp4,m4a,3gp,3g2,mj2: stream 0, timescale not set
Aug 19 18:22 : update: added /NF - Intro 2.m4a
Aug 19 18:22 : ffmpeg/mov,mp4,m4a,3gp,3g2,mj2: stream 0, timescale not set
Aug 19 18:22 : update: added /Ren - Violet's Tale.m4a
Aug 19 18:22 : ffmpeg/mov,mp4,m4a,3gp,3g2,mj2: stream 0, timescale not set
Aug 19 18:22 : update: added /Anne-Marie & Ed Sheeran – 2002 [Official Acoustic Video].m4a
Aug 19 18:22 : ffmpeg/mov,mp4,m4a,3gp,3g2,mj2: stream 0, timescale not set
Aug 19 18:22 : update: added /Yabesh Thapa & Sadie Jean - Mero Priya Mero Sabai Thok (Full Audio) _ SAD.m4a
Aug 19 18:22 : ffmpeg/mov,mp4,m4a,3gp,3g2,mj2: stream 0, timescale not set
Aug 19 18:22 : update: added /YOASOBI「三原色」Official Music Video.m4a
Aug 19 18:22 : ffmpeg/mov,mp4,m4a,3gp,3g2,mj2: stream 0, timescale not set
Aug 19 18:22 : update: added /Eminem - Godzilla (Lyrics) ft. Juice WRLD.m4a
Aug 19 18:22 : ffmpeg/mov,mp4,m4a,3gp,3g2,mj2: stream 0, timescale not set
Aug 19 18:22 : update: added /Sushant KC - Timile.m4a
Aug 19 18:22 : update: added /NF - Let You Down.m4a
Aug 19 18:22 : update: added /NF - TRUST (Audio) ft. Tech N9ne.m4a
Aug 19 18:22 : ffmpeg/mov,mp4,m4a,3gp,3g2,mj2: stream 0, timescale not set
Aug 19 18:22 : update: added /young dumb and broke-khalid (acoustic).m4a
Aug 19 18:22 : update: added /Avicii - Sunset Jesus.webm
Aug 19 18:22 : ffmpeg/mov,mp4,m4a,3gp,3g2,mj2: stream 0, timescale not set
Aug 19 18:22 : update: added /Alan Walker,  K-391, Boy in Space - Paradise (Official Music Video).m4a
Aug 19 18:22 : ffmpeg/mov,mp4,m4a,3gp,3g2,mj2: stream 0, timescale not set
Aug 19 18:22 : update: added /NF - My Life (Audio).m4a
Aug 19 18:22 : ffmpeg/mov,mp4,m4a,3gp,3g2,mj2: stream 0, timescale not set
Aug 19 18:22 : update: added /The Chainsmokers - Break Up Every Night (Audio).m4a
Aug 19 18:22 : ffmpeg/mov,mp4,m4a,3gp,3g2,mj2: stream 0, timescale not set
Aug 19 18:22 : update: added /Bhikhaari - Oasis Thapa.m4a
Aug 19 18:22 : ffmpeg/mov,mp4,m4a,3gp,3g2,mj2: stream 0, timescale not set
Aug 19 18:22 : update: added /Eminem - Rap God (Explicit).m4a
Aug 19 18:22 : ffmpeg/mov,mp4,m4a,3gp,3g2,mj2: stream 0, timescale not set
Aug 19 18:22 : update: added /NF - Wake Up.m4a
Aug 19 18:22 : update: added /Avicii - Touch Me.webm
Aug 19 18:22 : ffmpeg/mov,mp4,m4a,3gp,3g2,mj2: stream 0, timescale not set
Aug 19 18:22 : update: added /Hamro Nepal Ma-Featuring Chetan Raj Karki and Manice Gandharva.m4a
Aug 19 18:22 : ffmpeg/mov,mp4,m4a,3gp,3g2,mj2: stream 0, timescale not set
Aug 19 18:22 : update: added /米津玄師  MV「Lemon」.m4a
Aug 19 18:22 : update: added /Eminem - You Don't Know (Official Music Video) ft. 50 Cent, Cashis, Lloyd Banks.m4a
Aug 19 18:22 : update: added /Marshmello x TroyBoi - Jiggle It.m4a
Aug 19 18:22 : ffmpeg/mov,mp4,m4a,3gp,3g2,mj2: stream 0, timescale not set
Aug 19 18:22 : update: added /YOASOBI「ミスター」Official Music Video.m4a
Aug 19 18:22 : update: added /Eminem - Lose Yourself (set to clips from 8 Mile).m4a
Aug 19 18:22 : ffmpeg/mov,mp4,m4a,3gp,3g2,mj2: stream 0, timescale not set
Aug 19 18:22 : update: added /Rick Astley - Never Gonna Give You Up - Live at The Isle of Wight Festival 2019.m4a
Aug 19 18:22 : ffmpeg/mov,mp4,m4a,3gp,3g2,mj2: stream 0, timescale not set
Aug 19 18:22 : update: added /NF - Can You Hold Me (Audio) ft. Britt Nicole.m4a
Aug 19 18:22 : update: added /NF - DRIFTING (Audio).m4a
Aug 19 18:22 : ffmpeg/mov,mp4,m4a,3gp,3g2,mj2: stream 0, timescale not set
Aug 19 18:22 : update: added /Masayoshi Oishi - Shinda!.m4a
Aug 19 18:22 : ffmpeg/mov,mp4,m4a,3gp,3g2,mj2: stream 0, timescale not set
Aug 19 18:22 : update: added /Indila - Love Story (Tiktok Remix) [Lyrics].m4a
Aug 19 18:22 : ffmpeg/mov,mp4,m4a,3gp,3g2,mj2: stream 0, timescale not set
Aug 19 18:22 : update: added /Eminem - Superman (Clean Version).m4a
Aug 19 18:22 : update: added /Post Malone and The Weeknd - One Right Now (Official Video).m4a
Aug 19 18:22 : update: added /Post Malone, Swae Lee - Sunflower (Spider-Man- Into the Spider-Verse).m4a
Aug 19 18:22 : ffmpeg/mov,mp4,m4a,3gp,3g2,mj2: stream 0, timescale not set
Aug 19 18:22 : update: added /Alan Walker - Darkside (feat. Au-Ra and Tomine Harket).m4a
Aug 19 18:22 : update: added /Eminem - Beautiful (Official Music Video).m4a
Aug 19 18:22 : update: added /【MV】ラブレター feat. 春茶 - コバソロ.m4a
Aug 19 18:22 : update: added /Juice WRLD ft. Clever & Post Malone - Life's A Mess II (Official Visualizer).m4a
Aug 19 18:22 : ffmpeg/mov,mp4,m4a,3gp,3g2,mj2: stream 0, timescale not set
Aug 19 18:22 : update: added /Rick Astley - Never Gonna Give You Up (Official Music Video).m4a
Aug 19 18:22 : update: added /NF - LOST ft. Hopsin.m4a
Aug 19 18:22 : ffmpeg/mov,mp4,m4a,3gp,3g2,mj2: stream 0, timescale not set
Aug 19 18:22 : update: added /Kaaran _ Shashwot x Vivek _ EP.m4a
Aug 19 18:22 : ffmpeg/mov,mp4,m4a,3gp,3g2,mj2: stream 0, timescale not set
Aug 19 18:22 : update: added /Alan Walker x Imanbek - Sweet Dreams (Official Lyric Video).m4a
Aug 19 18:22 : ffmpeg/mov,mp4,m4a,3gp,3g2,mj2: stream 0, timescale not set
Aug 19 18:22 : update: added /gnash - i hate u, i love u (Lyrics) (ft. olivia o'brien).m4a
Aug 19 18:22 : ffmpeg/mov,mp4,m4a,3gp,3g2,mj2: stream 0, timescale not set
Aug 19 18:22 : update: added /Sajjan Raj Vaidya - Chitthi Bhitra [Official Release].m4a
Aug 19 18:22 : ffmpeg/mov,mp4,m4a,3gp,3g2,mj2: stream 0, timescale not set
Aug 19 18:22 : update: added /NF - Breathe (Audio).m4a
Aug 19 18:22 : ffmpeg/mov,mp4,m4a,3gp,3g2,mj2: stream 0, timescale not set
Aug 19 18:22 : update: added /Alan Walker - Force.m4a
Aug 19 18:22 : ffmpeg/mov,mp4,m4a,3gp,3g2,mj2: stream 0, timescale not set
Aug 19 18:22 : update: added /Alan Walker - Diamond Heart feat. Sophia Somajo (Syn Cole Remix).m4a
Aug 19 18:22 : ffmpeg/mov,mp4,m4a,3gp,3g2,mj2: stream 0, timescale not set
Aug 19 18:22 : update: added /[ Something Just Like This + 妹妹大胆往前走 ] - Deepain 自制版 ft.The Chainsmokers & Coldp.m4a
Aug 19 18:22 : update: added /Avicii - For A Better Day.webm
Aug 19 18:22 : ffmpeg/mov,mp4,m4a,3gp,3g2,mj2: stream 0, timescale not set
Aug 19 18:22 : update: added /Alan Walker - Avem (The Aviation Theme).m4a
Aug 19 18:22 : ffmpeg/mov,mp4,m4a,3gp,3g2,mj2: stream 0, timescale not set
Aug 19 18:22 : update: added /NF - One Hundred (Audio).m4a
Aug 19 18:22 : ffmpeg/mov,mp4,m4a,3gp,3g2,mj2: stream 0, timescale not set
Aug 19 18:22 : update: added /Sam Ryder - More (Official Video).m4a
Aug 19 18:22 : ffmpeg/mov,mp4,m4a,3gp,3g2,mj2: Format mov,mp4,m4a,3gp,3g2,mj2 detected only with low score of 1, misdetection possible!
Aug 19 18:22 : ffmpeg/mov,mp4,m4a,3gp,3g2,mj2: moov atom not found
Aug 19 18:22 : ffmpeg/mov,mp4,m4a,3gp,3g2,mj2: stream 0, timescale not set
Aug 19 18:22 : update: added /Anne-Marie - 2002 [Official Video].m4a
Aug 19 18:22 : ffmpeg/mov,mp4,m4a,3gp,3g2,mj2: stream 0, timescale not set
Aug 19 18:22 : update: added /Christina Perri - A Thousand Years [Official Music Video].m4a
Aug 19 18:22 : ffmpeg/mov,mp4,m4a,3gp,3g2,mj2: stream 0, timescale not set
Aug 19 18:22 : update: added /The Kid LAROI, Justin Bieber - STAY (Official Video).m4a
Aug 19 18:22 : ffmpeg/mov,mp4,m4a,3gp,3g2,mj2: stream 0, timescale not set
Aug 19 18:22 : update: added /【女性が歌う】イエスタデイ-Official髭男dism(Covered by コバソロ & 春茶).m4a
Aug 19 18:22 : ffmpeg/mov,mp4,m4a,3gp,3g2,mj2: stream 0, timescale not set
Aug 19 18:22 : update: added /YOASOBI - Racing Into The Night Lyrics (JPN_ROM_ENG).m4a
Aug 19 18:22 : update: added /Ruth B. - Dandelions (Audio).m4a
Aug 19 18:22 : ffmpeg/mov,mp4,m4a,3gp,3g2,mj2: stream 0, timescale not set
Aug 19 18:22 : update: added /コバソロ & 春茶「青」MV - 『タナバタノオト』第4話.m4a
Aug 19 18:22 : ffmpeg/mov,mp4,m4a,3gp,3g2,mj2: stream 0, timescale not set
Aug 19 18:22 : update: added /Lil Nas X - Old Town Road (Official Video) ft. Billy Ray Cyrus.m4a
Aug 19 18:22 : ffmpeg/mov,mp4,m4a,3gp,3g2,mj2: stream 0, timescale not set
Aug 19 18:22 : update: added /Post Malone & Swae Lee - Sunflower.m4a
Aug 19 18:22 : update: added /NF - Time.m4a
Aug 19 18:22 : update: added /Dr. Dre ft. Eminem, Skylar Grey - I Need A Doctor (Explicit) [Official Video].m4a
Aug 19 18:22 : ffmpeg/mov,mp4,m4a,3gp,3g2,mj2: stream 0, timescale not set
Aug 19 18:22 : update: added /The Chainsmokers - Don't Say (Audio) ft. Emily Warren.m4a
Aug 19 18:22 : update: added /【女性が歌う】Lemon-米津玄師(Full Covered by コバソロ & 春茶).m4a
Aug 19 18:22 : ffmpeg/mov,mp4,m4a,3gp,3g2,mj2: stream 0, timescale not set
Aug 19 18:22 : update: added /Alan Walker - Faded (Instrumental Version).m4a
Aug 19 18:22 : ffmpeg/mov,mp4,m4a,3gp,3g2,mj2: stream 0, timescale not set
Aug 19 18:22 : update: added /BATASH~ Shashwot Khadka (Prod. by Sanjv) (Official Lyric Video).m4a
Aug 19 18:22 : ffmpeg/mov,mp4,m4a,3gp,3g2,mj2: stream 0, timescale not set
Aug 19 18:22 : update: added /10 Hours of Infinite Fractal and Falling Shepard's Tone.m4a
Aug 19 18:22 : ffmpeg/mov,mp4,m4a,3gp,3g2,mj2: stream 0, timescale not set
Aug 19 18:22 : update: added /NF - Thing Called Love (Audio).m4a
Aug 19 18:22 : ffmpeg/mov,mp4,m4a,3gp,3g2,mj2: stream 0, timescale not set
Aug 19 18:22 : update: added /NF - Turn The Music Up (Lyric Video).m4a
Aug 19 18:22 : ffmpeg/mov,mp4,m4a,3gp,3g2,mj2: stream 0, timescale not set
Aug 19 18:22 : update: added /YOASOBI「アドベンチャー」Official Music Video.m4a
Aug 19 18:22 : update: added /yoasobi - アイドル.webm
Aug 19 18:22 : update: added /Marshmello - FaiRyTaLE.m4a
Aug 19 18:22 : ffmpeg/mov,mp4,m4a,3gp,3g2,mj2: stream 0, timescale not set
Aug 19 18:22 : update: added /We Don't Talk About Bruno (From 'Encanto'-Lyric Video).m4a
Aug 19 18:22 : ffmpeg/mov,mp4,m4a,3gp,3g2,mj2: stream 0, timescale not set
Aug 19 18:22 : update: added /Avicii - The Nights.m4a
Aug 19 18:22 : ffmpeg/mov,mp4,m4a,3gp,3g2,mj2: stream 0, timescale not set
Aug 19 18:22 : update: added /YOASOBI「もう少しだけ」Official Music Video.m4a
Aug 19 18:22 : ffmpeg/mov,mp4,m4a,3gp,3g2,mj2: stream 0, timescale not set
Aug 19 18:22 : update: added /The Chainsmokers - The One (Audio).m4a
Aug 19 18:22 : ffmpeg/mov,mp4,m4a,3gp,3g2,mj2: stream 0, timescale not set
Aug 19 18:22 : update: added /Lewis Capaldi - Someone You Loved (Lyrics).m4a
Aug 19 18:22 : ffmpeg/mov,mp4,m4a,3gp,3g2,mj2: stream 0, timescale not set
Aug 19 18:22 : update: added /Jaws Theme Song.m4a
Aug 19 18:22 : ffmpeg/mov,mp4,m4a,3gp,3g2,mj2: stream 0, timescale not set
Aug 19 18:22 : update: added /Alec Benjamin - Let Me Down Slowly [Official Music Video].m4a
Aug 19 18:22 : update: added /Eminem - Stan (Long Version) ft. Dido.m4a
Aug 19 18:22 : ffmpeg/mov,mp4,m4a,3gp,3g2,mj2: stream 0, timescale not set
Aug 19 18:22 : update: added /Akon - Smack That (Official Music Video) ft. Eminem.m4a
Aug 19 18:22 : ffmpeg/mov,mp4,m4a,3gp,3g2,mj2: stream 0, timescale not set
Aug 19 18:22 : update: added /【MV】夏恋慕 feat. 春茶 - コバソロ (「富城物産」CMソング).m4a
Aug 19 18:22 : ffmpeg/mov,mp4,m4a,3gp,3g2,mj2: stream 0, timescale not set
Aug 19 18:22 : update: added /Marconi Union - Weightless (Official Video).m4a
Aug 19 18:22 : ffmpeg/mov,mp4,m4a,3gp,3g2,mj2: stream 0, timescale not set
Aug 19 18:22 : update: added /Marshmello - Summer (Official Music Video) with Lele Pons.m4a
Aug 19 18:22 : ffmpeg/mov,mp4,m4a,3gp,3g2,mj2: stream 0, timescale not set
Aug 19 18:22 : update: added /Sajjan Raj Vaidya - Parkhaai [Official Release].m4a
Aug 19 18:22 : update: added /Post Malone - Circles.m4a
Aug 19 18:22 : ffmpeg/mov,mp4,m4a,3gp,3g2,mj2: stream 0, timescale not set
Aug 19 18:22 : update: added /YOASOBI「怪物」Official Music Video　(YOASOBI - Monster).m4a
Aug 19 18:22 : ffmpeg/mov,mp4,m4a,3gp,3g2,mj2: stream 0, timescale not set
Aug 19 18:22 : update: added /Post Malone - Psycho ft. Ty Dolla $ign.m4a
Aug 19 18:22 : ffmpeg/mov,mp4,m4a,3gp,3g2,mj2: stream 0, timescale not set
Aug 19 18:22 : update: added /Yabesh Thapa - Ae Mutu, feat Zeroo.m4a
Aug 19 18:22 : ffmpeg/mov,mp4,m4a,3gp,3g2,mj2: stream 0, timescale not set
Aug 19 18:22 : update: added /Lil Nas X - MONTERO (Call Me By Your Name) (Official Video).m4a
Aug 19 18:22 : ffmpeg/mov,mp4,m4a,3gp,3g2,mj2: stream 0, timescale not set
Aug 19 18:22 : update: added /NF - Destiny (Audio).m4a
Aug 19 18:22 : update: added /Eminem - Sing For The Moment (Official Music Video).m4a
Aug 19 18:22 : ffmpeg/mov,mp4,m4a,3gp,3g2,mj2: stream 0, timescale not set
Aug 19 18:22 : update: added /The Kid LAROI - Tell Me Why (Directed by Cole Bennett).m4a
Aug 19 18:22 : ffmpeg/mov,mp4,m4a,3gp,3g2,mj2: stream 0, timescale not set
Aug 19 18:22 : update: added /Sushant KC - Rangin (Official Music Video).m4a
Aug 19 18:22 : ffmpeg/mov,mp4,m4a,3gp,3g2,mj2: stream 0, timescale not set
Aug 19 18:22 : update: added /Avicii - Somewhere In Stockholm (Lyric Video).m4a
Aug 19 18:22 : update: added /NF - When I Grow Up.m4a
Aug 19 18:22 : update: added /NF - Wait.m4a
Aug 19 18:22 : ffmpeg/mov,mp4,m4a,3gp,3g2,mj2: stream 0, timescale not set
Aug 19 18:22 : update: added /Owl City - Fireflies (Official Music Video).m4a
Aug 19 18:22 : ffmpeg/mov,mp4,m4a,3gp,3g2,mj2: stream 0, timescale not set
Aug 19 18:22 : update: added /Desiigner - Panda (Official Music Video).m4a
Aug 19 18:22 : ffmpeg/mov,mp4,m4a,3gp,3g2,mj2: stream 0, timescale not set
Aug 19 18:22 : update: added /Avicii - Sunset Jesus (Lyric Video).m4a
Aug 19 18:22 : ffmpeg/mov,mp4,m4a,3gp,3g2,mj2: stream 0, timescale not set
Aug 19 18:22 : update: added /The Chainsmokers - It Won't Kill Ya (Audio) ft. Louane.m4a
Aug 19 18:22 : ffmpeg/mov,mp4,m4a,3gp,3g2,mj2: stream 0, timescale not set
Aug 19 18:22 : update: added /I Like You  'Anishchaya'  - Sushant KC (Official Lyric Video).m4a
Aug 19 18:22 : ffmpeg/mov,mp4,m4a,3gp,3g2,mj2: stream 0, timescale not set
Aug 19 18:22 : update: added /Post Malone - 'Wow.' (Official Music Video).m4a
Aug 19 18:22 : update: added /NF - Oh Lord (Audio).m4a
Aug 19 18:22 : ffmpeg/mov,mp4,m4a,3gp,3g2,mj2: stream 0, timescale not set
Aug 19 18:22 : update: added /Avicii - Shame On Me (Audio).m4a
Aug 19 18:22 : ffmpeg/mov,mp4,m4a,3gp,3g2,mj2: stream 0, timescale not set
Aug 19 18:22 : update: added /Study Music - 4 Hours Of Concentration Music for Studying and Memorizing.m4a
Aug 19 18:22 : ffmpeg/mov,mp4,m4a,3gp,3g2,mj2: stream 0, timescale not set
Aug 19 18:22 : update: added /Avicii - Trouble (Lyric Video).m4a
Aug 19 18:22 : ffmpeg/mov,mp4,m4a,3gp,3g2,mj2: Format mov,mp4,m4a,3gp,3g2,mj2 detected only with low score of 1, misdetection possible!
Aug 19 18:22 : ffmpeg/mov,mp4,m4a,3gp,3g2,mj2: moov atom not found
Aug 19 18:22 : ffmpeg/mov,mp4,m4a,3gp,3g2,mj2: stream 0, timescale not set
Aug 19 18:22 : update: added /Imagine Dragons, JID - Enemy (Lyrics).m4a
Aug 19 18:22 : ffmpeg/mov,mp4,m4a,3gp,3g2,mj2: stream 0, timescale not set
Aug 19 18:22 : update: added /Avicii - City Lights (Lyric Video).m4a
Aug 19 18:22 : ffmpeg/mov,mp4,m4a,3gp,3g2,mj2: stream 0, timescale not set
Aug 19 18:22 : update: added /Poor Mans Poison - Hell's Comin' With Me (Lyrics).m4a
Aug 19 18:22 : ffmpeg/mov,mp4,m4a,3gp,3g2,mj2: stream 0, timescale not set
Aug 19 18:22 : update: added /Anne-Marie & Ed Sheeran - Ciao Adios [Acoustic].m4a
Aug 19 18:22 : ffmpeg/mov,mp4,m4a,3gp,3g2,mj2: stream 0, timescale not set
Aug 19 18:22 : update: added /Sushant KC - Risaune Bhaye.m4a
Aug 19 18:22 : ffmpeg/mov,mp4,m4a,3gp,3g2,mj2: stream 0, timescale not set
Aug 19 18:22 : update: added /Avicii - True Believer (Lyric Video).m4a
Aug 19 18:22 : update: added /Avicii - Waiting For Love.webm
Aug 19 18:22 : ffmpeg/mov,mp4,m4a,3gp,3g2,mj2: stream 0, timescale not set
Aug 19 18:22 : update: added /AURORA - Runaway.m4a
Aug 19 18:22 : ffmpeg/mov,mp4,m4a,3gp,3g2,mj2: stream 0, timescale not set
Aug 19 18:22 : update: added /K-DA - VILLAIN ft. Madison Beer and Kim Petras (Official Concept Video - Starrin.m4a
Aug 19 18:22 : ffmpeg/mov,mp4,m4a,3gp,3g2,mj2: stream 0, timescale not set
Aug 19 18:22 : update: added /【フルver.】夜に駆けるをiPhoneの着信音にしてみた【YOASOBI】.m4a
Aug 19 18:22 : ffmpeg/mov,mp4,m4a,3gp,3g2,mj2: stream 0, timescale not set
Aug 19 18:22 : update: added /Stellar - Catalyst (feat. Ali) [Official Music Video].m4a
Aug 19 18:22 : ffmpeg/mov,mp4,m4a,3gp,3g2,mj2: stream 0, timescale not set
Aug 19 18:22 : update: added /CHiCO with HoneyWorks 『世界は恋に落ちている』(Covered by コバソロ & 未来(ザ・フーパーズ)).m4a
Aug 19 18:22 : ffmpeg/mov,mp4,m4a,3gp,3g2,mj2: stream 0, timescale not set
Aug 19 18:22 : update: added /JVKE - this is what heartbreak feels like (visualizer).m4a
Aug 19 18:22 : ffmpeg/mov,mp4,m4a,3gp,3g2,mj2: stream 0, timescale not set
Aug 19 18:22 : update: added /Sushant KC - Muskurayera (Official Lyrics Video).m4a
Aug 19 18:22 : ffmpeg/mov,mp4,m4a,3gp,3g2,mj2: stream 0, timescale not set
Aug 19 18:22 : update: added /Alan Walker x JOP - OK (Visualizer).m4a
Aug 19 18:22 : ffmpeg/mov,mp4,m4a,3gp,3g2,mj2: stream 0, timescale not set
Aug 19 18:22 : update: added /Marshmello - Shockwave.m4a
Aug 19 18:22 : update: added /Imagine Dragons x J.I.D - Enemy (from the series Arcane League of Legends).m4a
Aug 19 18:22 : ffmpeg/mov,mp4,m4a,3gp,3g2,mj2: stream 0, timescale not set
Aug 19 18:22 : update: added /君さえいなけりゃ feat. 春茶 - コバソロ.m4a
Aug 19 18:22 : ffmpeg/mov,mp4,m4a,3gp,3g2,mj2: stream 0, timescale not set
Aug 19 18:22 : update: added /【女性が歌う】フィクション-sumika「ヲタクに恋は難しい」主題歌(Covered by コバソロ & 春茶).m4a
Aug 19 18:22 : ffmpeg/mov,mp4,m4a,3gp,3g2,mj2: stream 0, timescale not set
Aug 19 18:22 : update: added /Guy Sebastian - Choir (Alan Walker Remix).m4a
Aug 19 18:22 : ffmpeg/mov,mp4,m4a,3gp,3g2,mj2: stream 0, timescale not set
Aug 19 18:22 : update: added /【女性が歌う】ピースサイン-米津玄師『僕のヒーローアカデミア』(Covered by コバソロ & 春茶).m4a
Aug 19 18:22 : update: added /Marshmello x SIPPY - Candy Kid.m4a
Aug 19 18:22 : update: added /Marshmello - VIBR8.m4a
Aug 19 18:22 : ffmpeg/mov,mp4,m4a,3gp,3g2,mj2: stream 0, timescale not set
Aug 19 18:22 : update: added /Lukas Graham - 7 Years [Official Music Video].m4a
Aug 19 18:22 : ffmpeg/mov,mp4,m4a,3gp,3g2,mj2: stream 0, timescale not set
Aug 19 18:22 : update: added /【MV】どうか幸せにならないで feat. 春茶 - コバソロ.m4a
Aug 19 18:22 : ffmpeg/mov,mp4,m4a,3gp,3g2,mj2: stream 0, timescale not set
Aug 19 18:22 : update: added /NF - Real.m4a
Aug 19 18:22 : ffmpeg/mov,mp4,m4a,3gp,3g2,mj2: stream 0, timescale not set
Aug 19 18:22 : update: added /Avicii - Broken Arrows.m4a
Aug 19 18:22 : ffmpeg/mov,mp4,m4a,3gp,3g2,mj2: stream 0, timescale not set
Aug 19 18:22 : update: added /Maroon 5 - Memories (Official Video).m4a
Aug 19 18:22 : ffmpeg/mov,mp4,m4a,3gp,3g2,mj2: stream 0, timescale not set
Aug 19 18:22 : update: added /OneRepublic - Counting Stars (Official Music Video).m4a
Aug 19 18:22 : ffmpeg/mov,mp4,m4a,3gp,3g2,mj2: stream 0, timescale not set
Aug 19 18:22 : update: added /Poor Mans Poison - Hell's Comin' With Me (Lyrics)(1).m4a
Aug 19 18:22 : ffmpeg/mov,mp4,m4a,3gp,3g2,mj2: stream 0, timescale not set
Aug 19 18:22 : update: added /लाखौं हजारौं - Laakhau Hajarau.m4a
Aug 19 18:22 : update: added /Eminem - Not Afraid (Official Video).m4a
Aug 19 18:22 : ffmpeg/mov,mp4,m4a,3gp,3g2,mj2: stream 0, timescale not set
Aug 19 18:22 : update: added /Avicii - Waiting For Love.m4a
Aug 19 18:22 : ffmpeg/mov,mp4,m4a,3gp,3g2,mj2: stream 0, timescale not set
Aug 19 18:22 : update: added /Alan Walker - Drone Wars (Visualizer).m4a
Aug 19 18:22 : ffmpeg/mov,mp4,m4a,3gp,3g2,mj2: stream 0, timescale not set
Aug 19 18:22 : update: added /Alan x Walkers - Unity.m4a
Aug 19 18:22 : ffmpeg/mov,mp4,m4a,3gp,3g2,mj2: Format mov,mp4,m4a,3gp,3g2,mj2 detected only with low score of 1, misdetection possible!
Aug 19 18:22 : ffmpeg/mov,mp4,m4a,3gp,3g2,mj2: moov atom not found
Aug 19 18:22 : ffmpeg/mov,mp4,m4a,3gp,3g2,mj2: stream 0, timescale not set
Aug 19 18:22 : update: added /The Chainsmokers - Honest (Audio).m4a
Aug 19 18:22 : ffmpeg/mov,mp4,m4a,3gp,3g2,mj2: stream 0, timescale not set
Aug 19 18:22 : update: added /Alan Walker - World of Walker 2021.m4a
Aug 19 18:22 : ffmpeg/mov,mp4,m4a,3gp,3g2,mj2: stream 0, timescale not set
Aug 19 18:22 : update: added /【女性が歌う】さよならエレジー-菅田将暉(Covered by コバソロ & 春茶).m4a
Aug 19 18:22 : ffmpeg/mov,mp4,m4a,3gp,3g2,mj2: stream 0, timescale not set
Aug 19 18:22 : update: added /【女性が歌う】アイネクライネ-米津玄師(Covered by コバソロ & 春茶).m4a
Aug 19 18:22 : ffmpeg/mov,mp4,m4a,3gp,3g2,mj2: stream 0, timescale not set
Aug 19 18:22 : update: added /YOASOBI - 群青  - THE FIRST TAKE.m4a
Aug 19 18:22 : ffmpeg/mov,mp4,m4a,3gp,3g2,mj2: stream 0, timescale not set
Aug 19 18:22 : update: added /Sub Urban - Cirque [Official Music Video].m4a
Aug 19 18:22 : ffmpeg/mov,mp4,m4a,3gp,3g2,mj2: stream 0, timescale not set
Aug 19 18:22 : update: added /恋せよオトメ feat. 春茶 - コバソロ.m4a
Aug 19 18:22 : ffmpeg/mov,mp4,m4a,3gp,3g2,mj2: stream 0, timescale not set
Aug 19 18:22 : update: added /Dua Lipa - New Rules (Official Music Video).m4a
Aug 19 18:22 : ffmpeg/mov,mp4,m4a,3gp,3g2,mj2: stream 0, timescale not set
Aug 19 18:22 : update: added /The Chainsmokers - My Type (Audio) ft. Emily Warren.m4a
Aug 19 18:22 : ffmpeg/mov,mp4,m4a,3gp,3g2,mj2: stream 0, timescale not set
Aug 19 18:22 : update: added /LAST CHANCE - (Original Song) Black Gryph0n & Baasik.m4a
Aug 19 18:22 : update: added /NF - PRIDEFUL (Audio).m4a
Aug 19 18:22 : update: added /Avicii - True Believer .webm
Aug 19 18:22 : ffmpeg/mov,mp4,m4a,3gp,3g2,mj2: stream 0, timescale not set
Aug 19 18:22 : update: added /Stellar - Ashes (Official Video).m4a
Aug 19 18:22 : ffmpeg/mov,mp4,m4a,3gp,3g2,mj2: stream 0, timescale not set
Aug 19 18:22 : update: added /YOASOBI「もしも命が描けたら」Official Music Video.m4a
Aug 19 18:22 : ffmpeg/mov,mp4,m4a,3gp,3g2,mj2: stream 0, timescale not set
Aug 19 18:22 : update: added /Eminem & Tupac - When I'm Gone (Remix).m4a
Aug 19 18:22 : ffmpeg/mov,mp4,m4a,3gp,3g2,mj2: stream 0, timescale not set
Aug 19 18:22 : update: added /NF - The Search.m4a
Aug 19 18:22 : ffmpeg/mov,mp4,m4a,3gp,3g2,mj2: stream 0, timescale not set
Aug 19 18:22 : update: added /Avicii - Ten More Days.m4a
Aug 19 18:22 : update: added /Avicii - Ten More Days.webm
Aug 19 18:22 : ffmpeg/mov,mp4,m4a,3gp,3g2,mj2: stream 0, timescale not set
Aug 19 18:22 : update: added /Avicii - Addicted To You.m4a
Aug 19 18:22 : update: added /Marshmello x DJ Sliink - Back It Up.m4a
Aug 19 18:22 : ffmpeg/mov,mp4,m4a,3gp,3g2,mj2: stream 0, timescale not set
Aug 19 18:22 : update: added /Samir Shrestha - Thamana Haat ( Official Music Video ) _ Prod. Foeseal.m4a
Aug 19 18:22 : ffmpeg/mov,mp4,m4a,3gp,3g2,mj2: stream 0, timescale not set
Aug 19 18:22 : update: added /NF - Lie (Audio).m4a
Aug 19 18:22 : ffmpeg/mov,mp4,m4a,3gp,3g2,mj2: stream 0, timescale not set
Aug 19 18:22 : update: added /Sushant KC - Behos.m4a
Aug 19 18:22 : ffmpeg/mov,mp4,m4a,3gp,3g2,mj2: stream 0, timescale not set
Aug 19 18:22 : update: added /NF - Dreams (Audio).m4a
Aug 19 18:22 : ffmpeg/mov,mp4,m4a,3gp,3g2,mj2: stream 0, timescale not set
Aug 19 18:22 : update: added /Sadie Jean - WYD Now_ (Official Music Video).m4a
Aug 19 18:22 : ffmpeg/mov,mp4,m4a,3gp,3g2,mj2: stream 0, timescale not set
Aug 19 18:22 : update: added /Alan Walker - Diamond Heart feat. Sophia Somajo (Dzeko Remix).m4a
Aug 19 18:22 : ffmpeg/mov,mp4,m4a,3gp,3g2,mj2: stream 0, timescale not set
Aug 19 18:22 : update: added /Sajjan Raj Vaidya - Ek Sarvanaam [Official Release].m4a
Aug 19 18:22 : ffmpeg/mov,mp4,m4a,3gp,3g2,mj2: stream 0, timescale not set
Aug 19 18:22 : update: added /Charlie Puth - Light Switch (Acoustic) [Official Audio].m4a
Aug 19 18:22 : ffmpeg/mov,mp4,m4a,3gp,3g2,mj2: stream 0, timescale not set
Aug 19 18:22 : update: added /The Chainsmokers & Coldplay - Something Just Like This (Lyric).m4a
Aug 19 18:22 : ffmpeg/mov,mp4,m4a,3gp,3g2,mj2: stream 0, timescale not set
Aug 19 18:22 : update: added /Eminem - Higher (Official Video) Explicit.m4a
Aug 19 18:22 : ffmpeg/mov,mp4,m4a,3gp,3g2,mj2: stream 0, timescale not set
Aug 19 18:22 : update: added /Kuri Basechu - Samir Shrestha X Sabal Dev Shrestha (Audio ).m4a
Aug 19 18:22 : ffmpeg/mov,mp4,m4a,3gp,3g2,mj2: stream 0, timescale not set
Aug 19 18:22 : update: added /NF - Paralyzed (Audio).m4a
Aug 19 18:22 : ffmpeg/mov,mp4,m4a,3gp,3g2,mj2: stream 0, timescale not set
Aug 19 18:22 : update: added /Post Malone - Too Young.m4a
Aug 19 18:22 : ffmpeg/mov,mp4,m4a,3gp,3g2,mj2: Format mov,mp4,m4a,3gp,3g2,mj2 detected only with low score of 1, misdetection possible!
Aug 19 18:22 : ffmpeg/mov,mp4,m4a,3gp,3g2,mj2: moov atom not found
Aug 19 18:22 : update: added /Avicii - Pure Grinding.webm
Aug 19 18:22 : ffmpeg/mov,mp4,m4a,3gp,3g2,mj2: stream 0, timescale not set
Aug 19 18:22 : update: added /Ruth B - Dandelions (slowed+reverb+lyrics).m4a
Aug 19 18:22 : ffmpeg/mov,mp4,m4a,3gp,3g2,mj2: stream 0, timescale not set
Aug 19 18:22 : update: added /Perfume -TOKYO GIRL『東京タラレバ娘』 主題歌(Full Covered by コバソロ & 春茶)歌詞付き.m4a
Aug 19 18:22 : ffmpeg/mov,mp4,m4a,3gp,3g2,mj2: stream 0, timescale not set
Aug 19 18:22 : update: added /Avicii - Gonna Love Ya.m4a
Aug 19 18:22 : ffmpeg/mov,mp4,m4a,3gp,3g2,mj2: stream 0, timescale not set
Aug 19 18:22 : update: added /Counting Stars - OneRepublic _ Alex Goot, Chrissy Costanza, KHS.m4a
Aug 19 18:22 : update: added /yoasobi - 怪物.webm
Aug 19 18:22 : update: added /NF - Notepad.m4a
Aug 19 18:22 : update: added /Post Malone - Motley Crew (Official Video).m4a
Aug 19 18:22 : ffmpeg/mov,mp4,m4a,3gp,3g2,mj2: stream 0, timescale not set
Aug 19 18:22 : update: added /Sushant KC - Yaad Ft. Brijesh Shrestha.m4a
Aug 19 18:22 : ffmpeg/mov,mp4,m4a,3gp,3g2,mj2: stream 0, timescale not set
Aug 19 18:22 : update: added /YOASOBI「アンコール」Official Music Video.m4a
Aug 19 18:22 : ffmpeg/mov,mp4,m4a,3gp,3g2,mj2: stream 0, timescale not set
Aug 19 18:22 : update: added /Avicii - Wake Me Up (Official Video).m4a
Aug 19 18:22 : update: added /Eminem - Without Me (Official Music Video).m4a
Aug 19 18:22 : ffmpeg/mov,mp4,m4a,3gp,3g2,mj2: stream 0, timescale not set
Aug 19 18:22 : update: added /Sajjan Raj Vaidya - Naganya Maya [Official Release].m4a
Aug 19 18:22 : update: added /Post Malone - Saint-Tropez (Official Video).m4a
Aug 19 18:22 : ffmpeg/mov,mp4,m4a,3gp,3g2,mj2: Format mov,mp4,m4a,3gp,3g2,mj2 detected only with low score of 1, misdetection possible!
Aug 19 18:22 : ffmpeg/mov,mp4,m4a,3gp,3g2,mj2: moov atom not found
Aug 19 18:22 : ffmpeg/mov,mp4,m4a,3gp,3g2,mj2: stream 0, timescale not set
Aug 19 18:22 : update: added /YOASOBI - 夜に駆ける - THE HOME TAKE.m4a
Aug 19 18:22 : update: added /Avicii - Gonna Love Ya.webm
Aug 19 18:22 : ffmpeg/mov,mp4,m4a,3gp,3g2,mj2: stream 0, timescale not set
Aug 19 18:22 : update: added /The Promised Neverland OST - Isabella's lullaby Fingerstyle Guitar Cover.m4a
Aug 19 18:22 : update: added /NF - LAYERS (Audio).m4a
Aug 19 18:22 : update: added /Marshmello - Supernovacane.m4a
Aug 19 18:22 : ffmpeg/mov,mp4,m4a,3gp,3g2,mj2: stream 0, timescale not set
Aug 19 18:22 : update: added /Lewis Capaldi - Bruises (Lyrics).m4a
Aug 19 18:22 : ffmpeg/mov,mp4,m4a,3gp,3g2,mj2: stream 0, timescale not set
Aug 19 18:22 : update: added /YOASOBI「群青」Official Music Video.m4a
Aug 19 18:22 : ffmpeg/mov,mp4,m4a,3gp,3g2,mj2: Format mov,mp4,m4a,3gp,3g2,mj2 detected only with low score of 1, misdetection possible!
Aug 19 18:22 : ffmpeg/mov,mp4,m4a,3gp,3g2,mj2: moov atom not found
Aug 19 18:22 : ffmpeg/mov,mp4,m4a,3gp,3g2,mj2: stream 0, timescale not set
Aug 19 18:22 : update: added /Aaja Matra (Sajjan Raj Vaidya).m4a
Aug 19 18:22 : ffmpeg/mov,mp4,m4a,3gp,3g2,mj2: stream 0, timescale not set
Aug 19 18:22 : update: added /Avicii - For A Better Day.m4a
Aug 19 18:22 : update: added /Post Malone - Only Wanna Be With You (Pokémon 25 Version).m4a
Aug 19 18:22 : update: added /Eminem - Mockingbird (Official Music Video).m4a
Aug 19 18:22 : update: added /NF - WHY.m4a
Aug 19 18:22 : ffmpeg/mov,mp4,m4a,3gp,3g2,mj2: stream 0, timescale not set
Aug 19 18:22 : update: added /Alan Walker - Diamond Heart (feat. Sophia Somajo).m4a
Aug 19 18:22 : ffmpeg/mov,mp4,m4a,3gp,3g2,mj2: stream 0, timescale not set
Aug 19 18:22 : update: added /Screenrecorder-2022-09-29-22-17-58-32-mc.m4a
Aug 19 18:22 : update: added /Post Malone - Goodbyes ft. Young Thug (Behind The Scenes).m4a
Aug 19 18:22 : update: added /NF - STORY.m4a
Aug 19 18:22 : update: added /Avicii - Talk To Myself.webm
Aug 19 18:22 : ffmpeg/mov,mp4,m4a,3gp,3g2,mj2: stream 0, timescale not set
Aug 19 18:22 : update: added /YOASOBI「ラブレター」Official Music Video.m4a
Aug 19 18:22 : ffmpeg/mov,mp4,m4a,3gp,3g2,mj2: stream 0, timescale not set
Aug 19 18:22 : update: added /【女性が歌う】スパークル-RADWIMPS『君の名は。』(Full Covered by コバソロ & 春茶) 歌詞付き.m4a
Aug 19 18:22 : ffmpeg/mov,mp4,m4a,3gp,3g2,mj2: stream 0, timescale not set
Aug 19 18:22 : update: added /The Chainsmokers - Young (Audio).m4a
Aug 19 18:22 : update: added /Eminem - Like Toy Soldiers (Official Music Video).m4a
Aug 19 18:22 : update: added /NF - THAT'S A JOKE (Audio).m4a
Aug 19 18:22 : ffmpeg/mov,mp4,m4a,3gp,3g2,mj2: stream 0, timescale not set
Aug 19 18:22 : update: added /Eminem - Venom [Lyrics].m4a
Aug 19 18:22 : ffmpeg/mov,mp4,m4a,3gp,3g2,mj2: stream 0, timescale not set
Aug 19 18:22 : update: added /YOASOBI「祝福」Official Music Video (『機動戦士ガンダム 水星の魔女』オープニングテーマ).m4a
Aug 19 18:22 : ffmpeg/mov,mp4,m4a,3gp,3g2,mj2: stream 0, timescale not set
Aug 19 18:22 : update: added /Avicii - Touch Me (Lyric Video).m4a
Aug 19 18:22 : ffmpeg/mov,mp4,m4a,3gp,3g2,mj2: stream 0, timescale not set
Aug 19 18:22 : update: added /NF - Face It (Audio).m4a
Aug 19 18:22 : ffmpeg/mov,mp4,m4a,3gp,3g2,mj2: stream 0, timescale not set
Aug 19 18:22 : update: added /Stephen Sanchez - Until I Found You (Official Music Video).m4a
Aug 19 18:22 : update: added /NF - 3 A.M. (Audio).m4a
Aug 19 18:22 : update: added /au_uu_SzH34yR2.mp3
Aug 19 18:22 : ffmpeg/mov,mp4,m4a,3gp,3g2,mj2: stream 0, timescale not set
Aug 19 18:22 : update: added /Sushant KC - Maya ma (Official Music Video).m4a
Aug 19 18:22 : update: added /Avicii - City Lights .webm
Aug 19 18:22 : ffmpeg/mov,mp4,m4a,3gp,3g2,mj2: stream 0, timescale not set
Aug 19 18:22 : update: added /Post Malone - White Iverson.m4a
Aug 19 18:22 : ffmpeg/mov,mp4,m4a,3gp,3g2,mj2: stream 0, timescale not set
Aug 19 18:22 : update: added /Ren - Hi Ren.m4a
Aug 19 18:22 : ffmpeg/mov,mp4,m4a,3gp,3g2,mj2: stream 0, timescale not set
Aug 19 18:22 : update: added /【女性が歌う】 Pretender - Official髭男dism (Covered by コバソロ & 春茶).m4a
Aug 19 18:22 : ffmpeg/mov,mp4,m4a,3gp,3g2,mj2: stream 0, timescale not set
Aug 19 18:22 : update: added /NF - All I Have.m4a
Aug 19 18:22 : ffmpeg/mov,mp4,m4a,3gp,3g2,mj2: stream 0, timescale not set
Aug 19 18:22 : update: added /NF - Remember This (Audio).m4a
Aug 19 18:22 : update: added /NF - Grindin' ft. Marty.m4a
Aug 19 18:22 : ffmpeg/mov,mp4,m4a,3gp,3g2,mj2: stream 0, timescale not set
Aug 19 18:22 : update: added /Stellar - Last Summer (Official Video).m4a
Aug 19 18:22 : ffmpeg/mov,mp4,m4a,3gp,3g2,mj2: stream 0, timescale not set
Aug 19 18:22 : update: added /Avicii - Liar Liar (Audio).m4a
Aug 19 18:22 : ffmpeg/mov,mp4,m4a,3gp,3g2,mj2: stream 0, timescale not set
Aug 19 18:22 : update: added /Justin Bieber - Hold On (Live from Paris).m4a
Aug 19 18:22 : ffmpeg/mov,mp4,m4a,3gp,3g2,mj2: stream 0, timescale not set
Aug 19 18:22 : update: added /NF - 10 Feet Down (Audio) ft. Ruelle.m4a
Aug 19 18:22 : ffmpeg/mov,mp4,m4a,3gp,3g2,mj2: stream 0, timescale not set
Aug 19 18:22 : update: added /Alan Walker & Emma Steinbakken - Not You (Visualizer).m4a
Aug 19 18:22 : ffmpeg/mov,mp4,m4a,3gp,3g2,mj2: stream 0, timescale not set
Aug 19 18:22 : update: added /CKay - Love Nwantiti (Acoustic Version).m4a
Aug 19 18:22 : ffmpeg/mov,mp4,m4a,3gp,3g2,mj2: stream 0, timescale not set
Aug 19 18:22 : update: added /Avicii - Hey Brother.m4a
Aug 19 18:22 : ffmpeg/mov,mp4,m4a,3gp,3g2,mj2: stream 0, timescale not set
Aug 19 18:22 : update: added /The Chainsmokers - Wake Up Alone (Audio) ft. Jhené Aiko.m4a
Aug 19 18:22 : ffmpeg/mov,mp4,m4a,3gp,3g2,mj2: stream 0, timescale not set
Aug 19 18:22 : update: added /This Is Crypt TV.m4a
Aug 19 18:22 : ffmpeg/mov,mp4,m4a,3gp,3g2,mj2: stream 0, timescale not set
Aug 19 18:22 : update: added /【配信スタート!!】夏恋慕 feat. 春茶 - コバソロ teaser.m4a
Aug 19 18:22 : ffmpeg/mov,mp4,m4a,3gp,3g2,mj2: stream 0, timescale not set
Aug 19 18:22 : update: added /Eminem - The Real Slim Shady (Official Video - Clean Version).m4a
Aug 19 18:22 : ffmpeg/mov,mp4,m4a,3gp,3g2,mj2: stream 0, timescale not set
Aug 19 18:22 : update: added /Ed Sheeran - Thinking Out Loud (Official Music Video).m4a
Aug 19 18:22 : ffmpeg/mov,mp4,m4a,3gp,3g2,mj2: stream 0, timescale not set
Aug 19 18:22 : update: added /【女性が歌う】HANABI-Mr.Children 『コード・ブルー』主題歌(Covered by コバソロ & 春茶).m4a
Aug 19 18:22 : ffmpeg/mov,mp4,m4a,3gp,3g2,mj2: stream 0, timescale not set
Aug 19 18:22 : update: added /Marshmello x Carnage - Back In Time (Official Lyric Video).m4a
Aug 19 18:22 : ffmpeg/mov,mp4,m4a,3gp,3g2,mj2: Format mov,mp4,m4a,3gp,3g2,mj2 detected only with low score of 1, misdetection possible!
Aug 19 18:22 : ffmpeg/mov,mp4,m4a,3gp,3g2,mj2: moov atom not found
Aug 19 18:22 : ffmpeg/mov,mp4,m4a,3gp,3g2,mj2: stream 0, timescale not set
Aug 19 18:22 : update: added /Never Be The Same - Camila Cabello (Lyrics).m4a
Aug 19 18:22 : ffmpeg/mov,mp4,m4a,3gp,3g2,mj2: stream 0, timescale not set
Aug 19 18:22 : update: added /YOASOBI「海のまにまに」Official Music Video.m4a
Aug 19 18:22 : update: added /Alan Walker & ISÁK - Sorry (Official Music Video).m4a
Aug 19 18:22 : ffmpeg/mov,mp4,m4a,3gp,3g2,mj2: stream 0, timescale not set
Aug 19 18:22 : update: added /Charlie Puth - Light Switch [Official Music Video].m4a
Aug 19 18:22 : ffmpeg/mov,mp4,m4a,3gp,3g2,mj2: stream 0, timescale not set
Aug 19 18:22 : update: added /The Chainsmokers - Paris (Official Video).m4a
Aug 19 18:22 : update: added /Clever - Tattoo Your Name (Official Video).m4a
Aug 19 18:22 : update: added /French Montana - Unforgettable ft. Swae Lee.m4a
Aug 19 18:22 : update: added /Eminem - My Name Is (Official Music Video).m4a
Aug 19 18:22 : ffmpeg/mov,mp4,m4a,3gp,3g2,mj2: stream 0, timescale not set
Aug 19 18:22 : update: added /Powfu - Death Bed (Lyrics) _ don't stay away for too long.m4a
Aug 19 18:22 : ffmpeg/mov,mp4,m4a,3gp,3g2,mj2: stream 0, timescale not set
Aug 19 18:22 : update: added /Alan Walker & Au-Ra - Out Of Love (Visualizer).m4a
Aug 19 18:22 : ffmpeg/mov,mp4,m4a,3gp,3g2,mj2: stream 0, timescale not set
Aug 19 18:22 : update: added /AJR - World's Smallest Violin (Official Video).m4a
Aug 19 18:22 : ffmpeg/mov,mp4,m4a,3gp,3g2,mj2: stream 0, timescale not set
Aug 19 18:22 : update: added /Sushant KC - Mausam (Official Video) ft. Yodda.m4a
Aug 19 18:22 : ffmpeg/mov,mp4,m4a,3gp,3g2,mj2: stream 0, timescale not set
Aug 19 18:22 : update: added /Clean Bandit - Symphony (feat. Zara Larsson) [Official Video].m4a
Aug 19 18:22 : ffmpeg/mov,mp4,m4a,3gp,3g2,mj2: stream 0, timescale not set
Aug 19 18:22 : update: added /Avicii - Lay Me Down.m4a
Aug 19 18:22 : update: added /NF - Wish You Wouldn't (Audio).m4a
Aug 19 18:22 : ffmpeg/mov,mp4,m4a,3gp,3g2,mj2: stream 0, timescale not set
Aug 19 18:22 : update: added /Sajjan Raj Vaidya - Sasto Mutu [Official Release].m4a
Aug 19 18:22 : ffmpeg/mov,mp4,m4a,3gp,3g2,mj2: stream 0, timescale not set
Aug 19 18:22 : update: added /YOASOBI - 優しい彗星  - THE FIRST TAKE.m4a
Aug 19 18:22 : ffmpeg/mov,mp4,m4a,3gp,3g2,mj2: stream 0, timescale not set
Aug 19 18:22 : update: added /Marshmello x Eptic - HITTA (Feat. Juicy J) [Official Music Video].m4a
Aug 19 18:22 : ffmpeg/mov,mp4,m4a,3gp,3g2,mj2: stream 0, timescale not set
Aug 19 18:22 : update: added /CLOSER - Chainsmokers (Lyrics).m4a
Aug 19 18:22 : ffmpeg/mov,mp4,m4a,3gp,3g2,mj2: stream 0, timescale not set
Aug 19 18:22 : update: added /Eminem - The Warning (Mariah Carey Diss).m4a
Aug 19 18:22 : update: added /Maroon 5 - Memories (Official Video)(1).m4a
Aug 19 18:22 : ffmpeg/mov,mp4,m4a,3gp,3g2,mj2: stream 0, timescale not set
Aug 19 18:22 : update: added /NF - I Just Wanna Know.m4a
Aug 19 18:22 : ffmpeg/mov,mp4,m4a,3gp,3g2,mj2: stream 0, timescale not set
Aug 19 18:22 : update: added /Macklemore & Ryan Lewis - Can't Hold Us (Lyrics) ft. Ray Dalton.m4a
Aug 19 18:22 : ffmpeg/mov,mp4,m4a,3gp,3g2,mj2: stream 0, timescale not set
Aug 19 18:22 : update: added /Imagine Dragons - Demons (Official Video).m4a
Aug 19 18:22 : ffmpeg/mov,mp4,m4a,3gp,3g2,mj2: stream 0, timescale not set
Aug 19 18:22 : update: added /YOASOBI「セブンティーン」Official Music Video.m4a
Aug 19 18:22 : ffmpeg/mov,mp4,m4a,3gp,3g2,mj2: stream 0, timescale not set
Aug 19 18:22 : update: added /NF - Got You On My Mind (Audio).m4a
Aug 19 18:22 : update: added /Marshmello x Subtronics - House Party.m4a
Aug 19 18:22 : ffmpeg/mov,mp4,m4a,3gp,3g2,mj2: stream 0, timescale not set
Aug 19 18:22 : update: added /YOASOBI「あの夢をなぞって (Ballade Ver.)」 - スマホ映画『夢の雫と星の花』コラボスペシャルムービー.m4a
Aug 19 18:22 : ffmpeg/mov,mp4,m4a,3gp,3g2,mj2: stream 0, timescale not set
Aug 19 18:22 : update: added /Sajjan Raj Vaidya - Mooskaan [Official Lyrical Video].m4a
Aug 19 18:22 : ffmpeg/mov,mp4,m4a,3gp,3g2,mj2: stream 0, timescale not set
Aug 19 18:22 : update: added /【女性が歌う】サイハテアイニ-RADWIMPS(Full covered by コバソロ & 春茶).m4a
Aug 19 18:22 : ffmpeg/mov,mp4,m4a,3gp,3g2,mj2: stream 0, timescale not set
Aug 19 18:22 : update: added /Avicii - You Make Me.m4a
Aug 19 18:22 : update: added /Avicii - Can't Catch Me.webm
Aug 19 18:22 : ffmpeg/mov,mp4,m4a,3gp,3g2,mj2: stream 0, timescale not set
Aug 19 18:22 : update: added /Avicii - Dear Boy (Audio).m4a
Aug 19 18:22 : update: added /NF - Warm Up.m4a
Aug 19 18:22 : ffmpeg/mov,mp4,m4a,3gp,3g2,mj2: stream 0, timescale not set
Aug 19 18:22 : update: added /Sub Urban - PARAMOUR (feat. AURORA).m4a
Aug 19 18:22 : ffmpeg/mov,mp4,m4a,3gp,3g2,mj2: stream 0, timescale not set
Aug 19 18:22 : update: added /Wiz Khalifa - See You Again ft. Charlie Puth [Official Video] Furious 7 Soundtra.m4a
Aug 19 18:22 : ffmpeg/mov,mp4,m4a,3gp,3g2,mj2: Format mov,mp4,m4a,3gp,3g2,mj2 detected only with low score of 1, misdetection possible!
Aug 19 18:22 : ffmpeg/mov,mp4,m4a,3gp,3g2,mj2: moov atom not found
Aug 19 18:22 : ffmpeg/mov,mp4,m4a,3gp,3g2,mj2: stream 0, timescale not set
Aug 19 18:22 : update: added /YOASOBI「あの夢をなぞって」 Official Music Video.m4a
Aug 19 18:22 : ffmpeg/mov,mp4,m4a,3gp,3g2,mj2: stream 0, timescale not set
Aug 19 18:22 : update: added /NF - Just Being Me (Audio).m4a
Aug 19 18:22 : ffmpeg/mov,mp4,m4a,3gp,3g2,mj2: stream 0, timescale not set
Aug 19 18:22 : update: added /NF - Only One (Audio).m4a
Aug 19 18:22 : update: added /Lil Wayne - Drop The World ft. Eminem (Official Music Video) ft. Eminem.m4a
Aug 19 18:22 : ffmpeg/mov,mp4,m4a,3gp,3g2,mj2: stream 0, timescale not set
Aug 19 18:22 : update: added /「ツバメ」- YOASOBI with ミドリーズ Official Music Video.m4a
Aug 19 18:22 : ffmpeg/mov,mp4,m4a,3gp,3g2,mj2: stream 0, timescale not set
Aug 19 18:22 : update: added /Gym Class Heroes - My heart stereo (Stereo Hearts) (Lyrics) ft. Adam Levine.m4a
Aug 19 18:22 : ffmpeg/mov,mp4,m4a,3gp,3g2,mj2: stream 0, timescale not set
Aug 19 18:22 : update: added /Post Malone - Go Flex.m4a
Aug 19 18:22 : ffmpeg/mov,mp4,m4a,3gp,3g2,mj2: stream 0, timescale not set
Aug 19 18:22 : update: added /Maroon 5 - Maps (Lyric Video).m4a
Aug 19 18:22 : ffmpeg/mov,mp4,m4a,3gp,3g2,mj2: stream 0, timescale not set
Aug 19 18:22 : update: added /Sam Ryder - Tiny Riot (Official Lyric Video).m4a
Aug 19 18:22 : ffmpeg/mov,mp4,m4a,3gp,3g2,mj2: stream 0, timescale not set
Aug 19 18:22 : update: added /Avicii - Talk To Myself (Lyric Video).m4a
Aug 19 18:22 : ffmpeg/mov,mp4,m4a,3gp,3g2,mj2: stream 0, timescale not set
Aug 19 18:22 : update: added /NF - Know (Audio).m4a
Aug 19 18:22 : ffmpeg/mov,mp4,m4a,3gp,3g2,mj2: stream 0, timescale not set
Aug 19 18:22 : update: added /Avicii - Hope There's Someone (Audio).m4a
Aug 19 18:22 : ffmpeg/mov,mp4,m4a,3gp,3g2,mj2: stream 0, timescale not set
Aug 19 18:22 : update: added /NF - Intro III (Audio).m4a
Aug 19 18:22 : ffmpeg/mov,mp4,m4a,3gp,3g2,mj2: stream 0, timescale not set
Aug 19 18:22 : update: added /The Chainsmokers - Last Day Alive (Audio) ft. Florida Georgia Line.m4a
Aug 19 18:22 : ffmpeg/mov,mp4,m4a,3gp,3g2,mj2: stream 0, timescale not set
Aug 19 18:22 : update: added /Ren - The Tale of Jenny & Screech (Full).m4a
Aug 19 18:22 : ffmpeg/mov,mp4,m4a,3gp,3g2,mj2: stream 0, timescale not set
Aug 19 18:22 : update: added /Sushant KC - Satayera (Official Lyrics Video).m4a
Aug 19 18:22 : ffmpeg/mov,mp4,m4a,3gp,3g2,mj2: stream 0, timescale not set
Aug 19 18:22 : update: added /Avicii - Heart Upon My Sleeve (Audio).m4a
Aug 19 18:22 : ffmpeg/mov,mp4,m4a,3gp,3g2,mj2: stream 0, timescale not set
Aug 19 18:22 : update: added /Glass Animals - Heat Waves (Official Video).m4a
Aug 19 18:22 : ffmpeg/mov,mp4,m4a,3gp,3g2,mj2: stream 0, timescale not set
Aug 19 18:22 : update: added /24kGoldn - Mood (Official Video) ft. iann dior.m4a
Aug 19 18:22 : ffmpeg/mov,mp4,m4a,3gp,3g2,mj2: stream 0, timescale not set
Aug 19 18:22 : update: added /Eminem - Just Lose It (Official Music Video).m4a
Aug 19 18:22 : update: added /Drake - God's Plan.m4a
Aug 19 18:22 : update: added /NF - CLOUDS.m4a
Aug 19 18:22 : ffmpeg/mov,mp4,m4a,3gp,3g2,mj2: stream 0, timescale not set
Aug 19 18:22 : update: added /YOASOBI「ハルジオン」Official Music Video.m4a
Aug 19 18:22 : ffmpeg/mov,mp4,m4a,3gp,3g2,mj2: stream 0, timescale not set
Aug 19 18:22 : update: added /Sajjan Raj Vaidya - Hawaijahaj [Official Video].m4a
Aug 19 18:22 : ffmpeg/mov,mp4,m4a,3gp,3g2,mj2: stream 0, timescale not set
Aug 19 18:22 : update: added /Tash Sultana- Tiny Desk Concert.m4a
Aug 19 18:22 : ffmpeg/mov,mp4,m4a,3gp,3g2,mj2: stream 0, timescale not set
Aug 19 18:22 : update: added /YOASOBI「好きだ」Official Music Video.m4a
Aug 19 18:22 : ffmpeg/mov,mp4,m4a,3gp,3g2,mj2: stream 0, timescale not set
Aug 19 18:22 : update: added /Sathi - Sushant KC (Official Music Video).m4a
Aug 19 18:22 : update: added /NF - Statement (Audio).m4a
Aug 19 18:22 : ffmpeg/mov,mp4,m4a,3gp,3g2,mj2: stream 0, timescale not set
Aug 19 18:22 : update: added /Lewis Capaldi - Before You Go (Lyrics).m4a
Aug 19 18:22 : ffmpeg/mov,mp4,m4a,3gp,3g2,mj2: stream 0, timescale not set
Aug 19 18:22 : update: added /Justin Bieber - Anyone.m4a
Aug 19 18:22 : ffmpeg/mov,mp4,m4a,3gp,3g2,mj2: stream 0, timescale not set
Aug 19 18:22 : update: added /BoyWithUke - Toxic (Official Lyric Video).m4a
Aug 19 18:22 : update: added /NF - NO NAME.m4a
Aug 19 18:22 : update: added /Eminem - Guilty Conscience (Official Music Video) ft. Dr. Dre.m4a
Aug 19 18:22 : ffmpeg/mov,mp4,m4a,3gp,3g2,mj2: stream 0, timescale not set
Aug 19 18:22 : update: added /Awich, 唾奇, OZworld, CHICO CARLITO - RASEN in OKINAWA (Prod. Diego Ave).m4a
Aug 19 18:22 : ffmpeg/mov,mp4,m4a,3gp,3g2,mj2: stream 0, timescale not set
Aug 19 18:22 : update: added /My Money Don’t Jiggle, Jiggle, It Folds - Louis Theroux (Duke & Jones Extended V.m4a
Aug 19 18:22 : update: added /NF - Lost In The Moment (Audio) ft. Andreas Moss.m4a
Aug 19 18:22 : ffmpeg/mov,mp4,m4a,3gp,3g2,mj2: stream 0, timescale not set
Aug 19 18:22 : update: added /打上花火-DAOKO × 米津玄師(Covered by コバソロ & 春茶 & 伊礼亮).m4a
Aug 19 18:22 : ffmpeg/mov,mp4,m4a,3gp,3g2,mj2: stream 0, timescale not set
Aug 19 18:22 : update: added /Alan Walker & salem ilese - Fake A Smile (Official Lyric Video).m4a
Aug 19 18:22 : ffmpeg/mov,mp4,m4a,3gp,3g2,mj2: stream 0, timescale not set
Aug 19 18:22 : update: added /YOASOBI「たぶん」Official Music  Video.m4a
Aug 19 18:22 : ffmpeg/mov,mp4,m4a,3gp,3g2,mj2: stream 0, timescale not set
Aug 19 18:22 : update: added /Ed Sheeran - Perfect (Lyrics).m4a
Aug 19 18:22 : ffmpeg/mov,mp4,m4a,3gp,3g2,mj2: stream 0, timescale not set
Aug 19 18:22 : update: added /Justin Bieber & benny blanco - Lonely (Official Music Video).m4a
Aug 19 18:22 : ffmpeg/mov,mp4,m4a,3gp,3g2,mj2: stream 0, timescale not set
Aug 19 18:22 : update: added /LYRICAL-Vaaste Song _ Dhvani Bhanushali, Tanishk Bagchi _ Nikhil D _ Bhushan Kum.m4a
Aug 19 18:22 : update: added /Eminem - White America (Official Music Video).m4a
Aug 19 18:22 : ffmpeg/mov,mp4,m4a,3gp,3g2,mj2: stream 0, timescale not set
Aug 19 18:22 : update: added /NF - Hands Up (Audio).m4a
Aug 19 18:22 : ffmpeg/mov,mp4,m4a,3gp,3g2,mj2: Format mov,mp4,m4a,3gp,3g2,mj2 detected only with low score of 1, misdetection possible!
Aug 19 18:22 : ffmpeg/mov,mp4,m4a,3gp,3g2,mj2: moov atom not found
Aug 19 18:22 : ffmpeg/mov,mp4,m4a,3gp,3g2,mj2: Format mov,mp4,m4a,3gp,3g2,mj2 detected only with low score of 1, misdetection possible!
Aug 19 18:22 : ffmpeg/mov,mp4,m4a,3gp,3g2,mj2: moov atom not found
Aug 19 18:22 : ffmpeg/mov,mp4,m4a,3gp,3g2,mj2: stream 0, timescale not set
Aug 19 18:22 : update: added /Alan Walker ft. Georgia Ku - Don't You Hold Me Down (Trailer).m4a
Aug 19 18:22 : ffmpeg/mov,mp4,m4a,3gp,3g2,mj2: stream 0, timescale not set
Aug 19 18:22 : update: added /NF - Intro.m4a
Aug 19 18:22 : ffmpeg/mov,mp4,m4a,3gp,3g2,mj2: stream 0, timescale not set
Aug 19 18:22 : update: added /Broiler - Rays Of Light [Alan Walker Remix].m4a
Aug 19 18:22 : ffmpeg/mov,mp4,m4a,3gp,3g2,mj2: stream 0, timescale not set
Aug 19 18:22 : update: added /Bipul Chettri - Syndicate (Single).m4a
Aug 19 18:22 : ffmpeg/mov,mp4,m4a,3gp,3g2,mj2: stream 0, timescale not set
Aug 19 18:22 : update: added /Au-Ra x Alan Walker - Dead Girl! (Official Lyric Video).m4a
Aug 19 18:22 : ffmpeg/mov,mp4,m4a,3gp,3g2,mj2: stream 0, timescale not set
Aug 19 18:22 : update: added /Post Malone - Congratulations ft. Quavo.m4a
Aug 19 18:22 : ffmpeg/mov,mp4,m4a,3gp,3g2,mj2: stream 0, timescale not set
Aug 19 18:22 : update: added /Khalid - Young Dumb & Broke (Lyrics).m4a
Aug 19 18:22 : ffmpeg/mov,mp4,m4a,3gp,3g2,mj2: stream 0, timescale not set
Aug 19 18:22 : update: added /【ガーディアンズ・オブ・ギャラクシー：リミックス】 Hooked on a feeling(Covered by コバソロ & 春茶).m4a
Aug 19 18:22 : ffmpeg/mov,mp4,m4a,3gp,3g2,mj2: stream 0, timescale not set
Aug 19 18:22 : update: added /Phone Ko Number_ - Sushant KC X FOESEAL ( Vertical Lyric Video).m4a
Aug 19 18:22 : ffmpeg/mov,mp4,m4a,3gp,3g2,mj2: stream 0, timescale not set
Aug 19 18:22 : update: added /Bh_nch_d Sutta Cancer Ho Gaya.m4a
Aug 19 18:22 : update: added /Avicii - Broken Arrows .webm
Aug 19 18:22 : ffmpeg/mov,mp4,m4a,3gp,3g2,mj2: stream 0, timescale not set
Aug 19 18:22 : update: added /NF - I'll Keep On (Audio) ft. Jeremiah Carlson.m4a
Aug 19 18:22 : ffmpeg/mov,mp4,m4a,3gp,3g2,mj2: stream 0, timescale not set
Aug 19 18:22 : update: added /RudyWade & Stellar - Moving On [Directed by @dreamd1strict].m4a
Aug 19 18:22 : ffmpeg/mov,mp4,m4a,3gp,3g2,mj2: stream 0, timescale not set
Aug 19 18:22 : update: added /Alan Walker x Benjamin Ingrosso - Man On The Moon (Official Music Video).m4a
Aug 19 18:22 : ffmpeg/mov,mp4,m4a,3gp,3g2,mj2: stream 0, timescale not set
Aug 19 18:22 : update: added /YOASOBI「アイドル」 Official Music Video.m4a
Aug 19 18:22 : ffmpeg/mov,mp4,m4a,3gp,3g2,mj2: stream 0, timescale not set
Aug 19 18:22 : update: added /NF - Mansion (Audio) ft. Fleurie.m4a
Aug 19 18:22 : ffmpeg/mov,mp4,m4a,3gp,3g2,mj2: Format mov,mp4,m4a,3gp,3g2,mj2 detected only with low score of 1, misdetection possible!
Aug 19 18:22 : ffmpeg/mov,mp4,m4a,3gp,3g2,mj2: moov atom not found
Aug 19 18:22 : ffmpeg/mov,mp4,m4a,3gp,3g2,mj2: stream 0, timescale not set
Aug 19 18:22 : update: added /NF - How Could You Leave Us.m4a
Aug 19 18:22 : ffmpeg/mov,mp4,m4a,3gp,3g2,mj2: stream 0, timescale not set
Aug 19 18:22 : update: added /Pornhub opening video.m4a
Aug 19 18:22 : update: added /Avicii - Somewhere In Stockholm.webm
Aug 19 18:22 : update: added /Eminem - When I'm Gone (Official Music Video).m4a
Aug 19 18:22 : ffmpeg/mov,mp4,m4a,3gp,3g2,mj2: Format mov,mp4,m4a,3gp,3g2,mj2 detected only with low score of 1, misdetection possible!
Aug 19 18:22 : ffmpeg/mov,mp4,m4a,3gp,3g2,mj2: moov atom not found
Aug 19 18:22 : update: added /NF - You're Special (Audio).m4a
Aug 19 18:22 : ffmpeg/mov,mp4,m4a,3gp,3g2,mj2: stream 0, timescale not set
Aug 19 18:22 : update: added /Sub Urban & Bella Poarch - INFERNO (Official Music Video).m4a
Aug 19 18:22 : ffmpeg/mov,mp4,m4a,3gp,3g2,mj2: Format mov,mp4,m4a,3gp,3g2,mj2 detected only with low score of 1, misdetection possible!
Aug 19 18:22 : ffmpeg/mov,mp4,m4a,3gp,3g2,mj2: moov atom not found
Aug 19 18:22 : ffmpeg/mov,mp4,m4a,3gp,3g2,mj2: stream 0, timescale not set
Aug 19 18:22 : update: added /Ashutosh KC - MAYA (Official Lyrics Video).m4a
Aug 19 18:22 : ffmpeg/mov,mp4,m4a,3gp,3g2,mj2: stream 0, timescale not set
Aug 19 18:22 : update: added /Study Music - 2 Hours Of Concentration Music for Studying and Memorizing.m4a
Aug 19 18:22 : ffmpeg/mov,mp4,m4a,3gp,3g2,mj2: stream 0, timescale not set
Aug 19 18:22 : update: added /Ariana Grande - 7 rings (Lyrics).m4a
Aug 19 18:22 : ffmpeg/mov,mp4,m4a,3gp,3g2,mj2: stream 0, timescale not set
Aug 19 18:22 : update: added /Justin Bieber - Ghost.m4a
Aug 19 18:22 : ffmpeg/mov,mp4,m4a,3gp,3g2,mj2: stream 0, timescale not set
Aug 19 18:22 : update: added /Alan Walker x @Conor Maynard - Believers (Official Montage).m4a
Aug 19 18:22 : ffmpeg/mov,mp4,m4a,3gp,3g2,mj2: stream 0, timescale not set
Aug 19 18:22 : update: added /Post Malone - rockstar ft. 21 Savage.m4a
Aug 19 18:22 : ffmpeg/mov,mp4,m4a,3gp,3g2,mj2: stream 0, timescale not set
Aug 19 18:22 : update: added /Alan Walker - Different World feat. Sofia Carson, K-391 & CORSAK (Lyric Video).m4a
Aug 19 18:22 : update: added /NF - Green Lights.m4a
Aug 19 18:22 : update: added /NF - If You Want Love.m4a
Aug 19 18:22 : ffmpeg/mov,mp4,m4a,3gp,3g2,mj2: stream 0, timescale not set
Aug 19 18:22 : update: added /YOASOBI「大正浪漫」Official Music Video.m4a
Aug 19 18:22 : ffmpeg/mov,mp4,m4a,3gp,3g2,mj2: stream 0, timescale not set
Aug 19 18:22 : update: added /Avicii - Pure Grinding.m4a
Aug 19 18:23 : ffmpeg/mov,mp4,m4a,3gp,3g2,mj2: stream 0, timescale not set
Aug 19 18:26 : ffmpeg/mov,mp4,m4a,3gp,3g2,mj2: stream 0, timescale not set
Aug 19 18:27 : player: played "「ツバメ」- YOASOBI with ミドリーズ Official Music Video.m4a"
Aug 19 18:27 : exception: Unsupported URI scheme
Aug 19 18:27 : exception: Failed to open '/home/shridal/.config/mpd/playlists/[Radio Streams].m3u': No such file or directory
Aug 19 18:27 : exception: No such playlist
Aug 19 18:28 : player: played "【ガーディアンズ・オブ・ギャラクシー：リミックス】 Hooked on a feeling(Covered by コバソロ & 春茶).m4a"
Aug 19 18:28 : ffmpeg/mov,mp4,m4a,3gp,3g2,mj2: stream 0, timescale not set
Aug 19 18:28 : ffmpeg/mov,mp4,m4a,3gp,3g2,mj2: stream 0, timescale not set
Aug 19 18:28 : ffmpeg/mov,mp4,m4a,3gp,3g2,mj2: stream 0, timescale not set
Aug 19 18:32 : ffmpeg/mov,mp4,m4a,3gp,3g2,mj2: stream 0, timescale not set
Aug 19 18:32 : player: played "YOASOBI「あの夢をなぞって (Ballade Ver.)」 - スマホ映画『夢の雫と星の花』コラボスペシャルムービー.m4a"
Aug 19 18:37 : ffmpeg/mov,mp4,m4a,3gp,3g2,mj2: stream 0, timescale not set
Aug 19 18:37 : player: played "YOASOBI「アンコール」Official Music Video.m4a"
Aug 19 18:40 : ffmpeg/mov,mp4,m4a,3gp,3g2,mj2: stream 0, timescale not set
Aug 19 18:41 : player: played "YOASOBI「セブンティーン」Official Music Video.m4a"
Aug 19 18:43 : output: Failed to play on "default detected output" (pulse): suspended
Aug 19 18:43 : exception: Failed to open audio output
Aug 19 18:43 : player: played "「ツバメ」- YOASOBI with ミドリーズ Official Music Video.m4a"
Aug 19 18:49 : ffmpeg/mov,mp4,m4a,3gp,3g2,mj2: stream 0, timescale not set
Aug 19 18:49 : ffmpeg/mov,mp4,m4a,3gp,3g2,mj2: stream 0, timescale not set
Aug 19 18:49 : ffmpeg/mov,mp4,m4a,3gp,3g2,mj2: stream 0, timescale not set
Aug 19 18:49 : ffmpeg/mov,mp4,m4a,3gp,3g2,mj2: stream 0, timescale not set
Aug 19 18:54 : player: played "YOASOBI - 夜に駆ける - THE HOME TAKE.m4a"
Aug 19 19:10 : ffmpeg/mov,mp4,m4a,3gp,3g2,mj2: stream 0, timescale not set
Aug 19 19:10 : exception: Unsupported URI scheme
Aug 19 19:10 : exception: Failed to open '/home/shridal/.config/mpd/playlists/[Radio Streams].m3u': No such file or directory
Aug 19 19:10 : exception: No such playlist
Aug 19 19:29 : ffmpeg/mov,mp4,m4a,3gp,3g2,mj2: stream 0, timescale not set
Aug 19 19:29 : player: played "YOASOBI - 夜に駆ける - THE HOME TAKE.m4a"
Aug 19 19:29 : ffmpeg/mov,mp4,m4a,3gp,3g2,mj2: stream 0, timescale not set
Aug 19 21:00 : exception: Unsupported URI scheme
Aug 19 21:00 : exception: Failed to open '/home/shridal/.config/mpd/playlists/[Radio Streams].m3u': No such file or directory
Aug 19 21:00 : exception: No such playlist
Aug 19 21:47 : exception: Unsupported URI scheme
Aug 19 21:47 : exception: Failed to open '/home/shridal/.config/mpd/playlists/[Radio Streams].m3u': No such file or directory
Aug 19 21:47 : exception: No such playlist
Aug 19 21:47 : player: played "YOASOBI - 夜に駆ける - THE HOME TAKE.m4a"
Aug 20 01:33 : exception: Unsupported URI scheme
Aug 20 01:33 : exception: Failed to open '/home/shridal/.config/mpd/playlists/[Radio Streams].m3u': No such file or directory
Aug 20 01:33 : exception: No such playlist
Aug 20 01:33 : ffmpeg/mov,mp4,m4a,3gp,3g2,mj2: stream 0, timescale not set
Aug 20 01:36 : player: played "AURORA - Runaway.m4a"
Aug 20 01:36 : ffmpeg/mov,mp4,m4a,3gp,3g2,mj2: stream 0, timescale not set
Aug 20 13:14 : player: played "YOASOBI「たぶん」Official Music  Video.m4a"
Aug 20 18:57 : exception: Unsupported URI scheme
Aug 20 18:57 : exception: Failed to open '/home/shridal/.config/mpd/playlists/[Radio Streams].m3u': No such file or directory
Aug 20 18:57 : exception: No such playlist
Aug 20 18:58 : exception: Failed to open '/home/shridal/.config/mpd/playlists/[Radio Streams].m3u': No such file or directory
Aug 20 18:58 : exception: No such playlist
Aug 20 19:51 : exception: Unsupported URI scheme
Aug 20 19:51 : exception: Failed to open '/home/shridal/.config/mpd/playlists/[Radio Streams].m3u': No such file or directory
Aug 20 19:51 : exception: No such playlist
Aug 20 19:52 : ffmpeg/mov,mp4,m4a,3gp,3g2,mj2: stream 0, timescale not set
Aug 20 20:33 : exception: Unsupported URI scheme
Aug 20 20:33 : exception: Failed to open '/home/shridal/.config/mpd/playlists/[Radio Streams].m3u': No such file or directory
Aug 20 20:33 : exception: No such playlist
Aug 20 20:49 : exception: Unsupported URI scheme
Aug 20 20:49 : exception: Failed to open '/home/shridal/.config/mpd/playlists/[Radio Streams].m3u': No such file or directory
Aug 20 20:49 : exception: No such playlist
Aug 20 21:02 : player: played "Avicii - The Nights.m4a"
Aug 21 23:58 : exception: Unsupported URI scheme
Aug 21 23:58 : exception: Failed to open '/home/shridal/.config/mpd/playlists/[Radio Streams].m3u': No such file or directory
Aug 21 23:58 : exception: No such playlist
Aug 22 00:01 : ffmpeg/mov,mp4,m4a,3gp,3g2,mj2: stream 0, timescale not set
Aug 22 00:05 : player: played "YOASOBI「アドベンチャー」Official Music Video.m4a"
Aug 22 00:17 : exception: Unsupported URI scheme
Aug 22 00:17 : exception: Failed to open '/home/shridal/.config/mpd/playlists/[Radio Streams].m3u': No such file or directory
Aug 22 00:17 : exception: No such playlist
Aug 22 00:22 : exception: Unsupported URI scheme
Aug 22 00:22 : exception: Failed to open '/home/shridal/.config/mpd/playlists/[Radio Streams].m3u': No such file or directory
Aug 22 00:22 : exception: No such playlist
Aug 22 00:22 : ffmpeg/mov,mp4,m4a,3gp,3g2,mj2: stream 0, timescale not set
Aug 22 00:26 : player: played "YOASOBI「アドベンチャー」Official Music Video.m4a"
Aug 22 00:26 : ffmpeg/mov,mp4,m4a,3gp,3g2,mj2: stream 0, timescale not set
Aug 22 00:27 : exception: Failed to open '/home/shridal/.config/mpd/playlists/[Radio Streams].m3u': No such file or directory
Aug 22 00:27 : exception: No such playlist
Aug 22 00:28 : exception: Failed to open '/home/shridal/.config/mpd/playlists/[Radio Streams].m3u': No such file or directory
Aug 22 00:28 : exception: No such playlist
Aug 22 00:28 : player: played "YOASOBI「アドベンチャー」Official Music Video.m4a"
Aug 22 00:28 : ffmpeg/mov,mp4,m4a,3gp,3g2,mj2: stream 0, timescale not set
Aug 22 00:28 : ffmpeg/mov,mp4,m4a,3gp,3g2,mj2: stream 0, timescale not set
Aug 22 00:28 : ffmpeg/mov,mp4,m4a,3gp,3g2,mj2: stream 0, timescale not set
Aug 22 00:32 : ffmpeg/mov,mp4,m4a,3gp,3g2,mj2: stream 0, timescale not set
Aug 22 00:32 : player: played "YOASOBI「たぶん」Official Music  Video.m4a"
Aug 22 00:36 : ffmpeg/mov,mp4,m4a,3gp,3g2,mj2: stream 0, timescale not set
Aug 22 00:36 : player: played "YOASOBI「ミスター」Official Music Video.m4a"
Aug 22 00:39 : ffmpeg/mov,mp4,m4a,3gp,3g2,mj2: stream 0, timescale not set
Aug 22 00:40 : player: played "「ツバメ」- YOASOBI with ミドリーズ Official Music Video.m4a"
Aug 22 00:43 : ffmpeg/mov,mp4,m4a,3gp,3g2,mj2: stream 0, timescale not set
Aug 22 00:43 : player: played "YOASOBI「もう少しだけ」Official Music Video.m4a"
Aug 22 00:48 : ffmpeg/mov,mp4,m4a,3gp,3g2,mj2: stream 0, timescale not set
Aug 22 00:49 : player: played "YOASOBI - 優しい彗星  - THE FIRST TAKE.m4a"
Aug 22 00:52 : ffmpeg/mov,mp4,m4a,3gp,3g2,mj2: stream 0, timescale not set
Aug 22 00:52 : player: played "YOASOBI「ラブレター」Official Music Video.m4a"
Aug 22 00:55 : ffmpeg/mov,mp4,m4a,3gp,3g2,mj2: stream 0, timescale not set
Aug 22 00:56 : player: played "YOASOBI「祝福」Official Music Video (『機動戦士ガンダム 水星の魔女』オープニングテーマ).m4a"
Aug 22 00:58 : ffmpeg/mov,mp4,m4a,3gp,3g2,mj2: stream 0, timescale not set
Aug 22 00:59 : player: played "YOASOBI「大正浪漫」Official Music Video.m4a"
Aug 22 01:03 : ffmpeg/mov,mp4,m4a,3gp,3g2,mj2: stream 0, timescale not set
Aug 22 01:03 : player: played "YOASOBI「海のまにまに」Official Music Video.m4a"
Aug 22 01:08 : ffmpeg/mov,mp4,m4a,3gp,3g2,mj2: stream 0, timescale not set
Aug 22 01:08 : player: played "YOASOBI「アンコール」Official Music Video.m4a"
Aug 22 12:01 : exception: Unsupported URI scheme
Aug 22 12:01 : exception: Failed to open '/home/shridal/.config/mpd/playlists/[Radio Streams].m3u': No such file or directory
Aug 22 12:01 : exception: No such playlist
Aug 22 14:22 : exception: Unsupported URI scheme
Aug 22 14:22 : exception: Failed to open '/home/shridal/.config/mpd/playlists/[Radio Streams].m3u': No such file or directory
Aug 22 14:22 : exception: No such playlist
Aug 22 15:28 : player: played "YOASOBI「ハルカ」Official Music Video.m4a"
Aug 22 20:00 : exception: Unsupported URI scheme
Aug 22 20:00 : exception: Failed to open '/home/shridal/.config/mpd/playlists/[Radio Streams].m3u': No such file or directory
Aug 22 20:00 : exception: No such playlist
Aug 22 20:00 : ffmpeg/mov,mp4,m4a,3gp,3g2,mj2: stream 0, timescale not set
Aug 22 20:04 : ffmpeg/mov,mp4,m4a,3gp,3g2,mj2: stream 0, timescale not set
Aug 22 20:04 : player: played "YOASOBI「アドベンチャー」Official Music Video.m4a"
Aug 22 20:08 : ffmpeg/mov,mp4,m4a,3gp,3g2,mj2: stream 0, timescale not set
Aug 22 20:08 : player: played "YOASOBI「あの夢をなぞって (Ballade Ver.)」 - スマホ映画『夢の雫と星の花』コラボスペシャルムービー.m4a"
Aug 22 20:13 : ffmpeg/mov,mp4,m4a,3gp,3g2,mj2: stream 0, timescale not set
Aug 22 20:13 : player: played "YOASOBI「アンコール」Official Music Video.m4a"
Aug 22 20:17 : ffmpeg/mov,mp4,m4a,3gp,3g2,mj2: stream 0, timescale not set
Aug 22 20:17 : player: played "「ツバメ」- YOASOBI with ミドリーズ Official Music Video.m4a"
Aug 22 20:21 : ffmpeg/mov,mp4,m4a,3gp,3g2,mj2: stream 0, timescale not set
Aug 22 20:21 : player: played "YOASOBI「ハルカ」Official Music Video.m4a"
Aug 22 20:24 : ffmpeg/mov,mp4,m4a,3gp,3g2,mj2: stream 0, timescale not set
Aug 22 20:24 : player: played "YOASOBI「ハルジオン」Official Music Video.m4a"
Aug 22 20:27 : ffmpeg/mov,mp4,m4a,3gp,3g2,mj2: stream 0, timescale not set
Aug 22 20:28 : player: played "YOASOBI「ミスター」Official Music Video.m4a"
Aug 22 20:31 : ffmpeg/mov,mp4,m4a,3gp,3g2,mj2: stream 0, timescale not set
Aug 22 20:34 : ffmpeg/mov,mp4,m4a,3gp,3g2,mj2: stream 0, timescale not set
Aug 22 20:34 : player: played "YOASOBI「もしも命が描けたら」Official Music Video.m4a"
Aug 22 20:38 : ffmpeg/mov,mp4,m4a,3gp,3g2,mj2: stream 0, timescale not set
Aug 22 20:38 : player: played "YOASOBI「ラブレター」Official Music Video.m4a"
Aug 22 20:42 : ffmpeg/mov,mp4,m4a,3gp,3g2,mj2: stream 0, timescale not set
Aug 22 20:42 : player: played "YOASOBI「三原色」Official Music Video.m4a"
Aug 22 21:13 : exception: Unsupported URI scheme
Aug 22 21:13 : exception: Failed to open '/home/shridal/.config/mpd/playlists/[Radio Streams].m3u': No such file or directory
Aug 22 21:13 : exception: No such playlist
Aug 23 20:33 : exception: Unsupported URI scheme
Aug 23 20:33 : exception: Failed to open '/home/shridal/.config/mpd/playlists/[Radio Streams].m3u': No such file or directory
Aug 23 20:33 : exception: No such playlist
Aug 23 20:33 : ffmpeg/mov,mp4,m4a,3gp,3g2,mj2: stream 0, timescale not set
Aug 23 20:37 : ffmpeg/mov,mp4,m4a,3gp,3g2,mj2: stream 0, timescale not set
Aug 23 20:37 : player: played "YOASOBI「アドベンチャー」Official Music Video.m4a"
Aug 23 21:18 : exception: Unsupported URI scheme
Aug 23 21:18 : exception: Failed to open '/home/shridal/.config/mpd/playlists/[Radio Streams].m3u': No such file or directory
Aug 23 21:18 : exception: No such playlist
Aug 23 21:58 : output: Failed to pause "default detected output" (pulse): failed to connect the stream: Connection terminated
Aug 23 21:58 : player: played "YOASOBI「あの夢をなぞって (Ballade Ver.)」 - スマホ映画『夢の雫と星の花』コラボスペシャルムービー.m4a"
Aug 25 13:50 : exception: Unsupported URI scheme
Aug 25 13:50 : exception: Failed to open '/home/shridal/.config/mpd/playlists/[Radio Streams].m3u': No such file or directory
Aug 25 13:50 : exception: No such playlist
Aug 25 13:50 : ffmpeg/mov,mp4,m4a,3gp,3g2,mj2: stream 0, timescale not set
Aug 25 13:52 : ffmpeg/mov,mp4,m4a,3gp,3g2,mj2: stream 0, timescale not set
Aug 25 13:56 : ffmpeg/mov,mp4,m4a,3gp,3g2,mj2: stream 0, timescale not set
Aug 25 13:56 : player: played "YOASOBI「あの夢をなぞって (Ballade Ver.)」 - スマホ映画『夢の雫と星の花』コラボスペシャルムービー.m4a"
Aug 25 14:01 : ffmpeg/mov,mp4,m4a,3gp,3g2,mj2: stream 0, timescale not set
Aug 25 14:01 : player: played "YOASOBI「アンコール」Official Music Video.m4a"
Aug 25 14:04 : exception: Unsupported URI scheme
Aug 25 14:04 : exception: Failed to open '/home/shridal/.config/mpd/playlists/[Radio Streams].m3u': No such file or directory
Aug 25 14:04 : exception: No such playlist
Aug 25 15:09 : player: played "「ツバメ」- YOASOBI with ミドリーズ Official Music Video.m4a"
Aug 25 15:09 : output: Failed to pause "default detected output" (pulse): failed to connect the stream: Connection terminated
Oct 07 14:42 : ffmpeg/mov,mp4,m4a,3gp,3g2,mj2: moov atom not found
Oct 07 14:42 : exception: Failed to decode /home/shridal/Music/「ツバメ」- YOASOBI with ミドリーズ Official Music Video.m4a; avformat_open_input() failed: Invalid data found when processing input
Oct 07 14:42 : ffmpeg/mov,mp4,m4a,3gp,3g2,mj2: stream 0, timescale not set
Oct 07 14:42 : ffmpeg/mov,mp4,m4a,3gp,3g2,mj2: stream 0, timescale not set
Oct 07 14:42 : ffmpeg/mov,mp4,m4a,3gp,3g2,mj2: stream 0, timescale not set
Oct 07 14:46 : ffmpeg/mov,mp4,m4a,3gp,3g2,mj2: stream 0, timescale not set
Oct 07 14:46 : player: played "YOASOBI「あの夢をなぞって (Ballade Ver.)」 - スマホ映画『夢の雫と星の花』コラボスペシャルムービー.m4a"
Oct 07 14:50 : ffmpeg/mov,mp4,m4a,3gp,3g2,mj2: stream 0, timescale not set
Oct 07 14:50 : player: played "YOASOBI「あの夢をなぞって」 Official Music Video.m4a"
Oct 07 14:54 : ffmpeg/mov,mp4,m4a,3gp,3g2,mj2: stream 0, timescale not set
Oct 07 14:54 : player: played "YOASOBI「もう少しだけ」Official Music Video.m4a"
Oct 07 14:57 : ffmpeg/mov,mp4,m4a,3gp,3g2,mj2: stream 0, timescale not set
Oct 07 14:57 : player: played "YOASOBI「もしも命が描けたら」Official Music Video.m4a"
Oct 07 15:01 : ffmpeg/mov,mp4,m4a,3gp,3g2,mj2: stream 0, timescale not set
Oct 07 15:01 : player: played "YOASOBI「アドベンチャー」Official Music Video.m4a"
Oct 07 15:06 : ffmpeg/mov,mp4,m4a,3gp,3g2,mj2: stream 0, timescale not set
Oct 07 15:06 : player: played "YOASOBI「アンコール」Official Music Video.m4a"
Oct 07 15:09 : ffmpeg/mov,mp4,m4a,3gp,3g2,mj2: stream 0, timescale not set
Oct 07 15:10 : player: played "YOASOBI「セブンティーン」Official Music Video.m4a"
Oct 07 15:13 : ffmpeg/mov,mp4,m4a,3gp,3g2,mj2: stream 0, timescale not set
Oct 07 15:13 : player: played "「ツバメ」- YOASOBI with ミドリーズ Official Music Video.m4a"
Oct 07 15:17 : ffmpeg/mov,mp4,m4a,3gp,3g2,mj2: stream 0, timescale not set
Oct 07 15:17 : player: played "YOASOBI「ハルカ」Official Music Video.m4a"
Dec 02 11:35 : exception: Not playing
Jan 27 10:23 : exception: Unsupported URI scheme
Jan 27 10:23 : exception: Failed to open '/home/shridal/.config/mpd/playlists/[Radio Streams].m3u': No such file or directory
Jan 27 10:23 : exception: No such playlist
Feb 14 17:43 : exception: Unsupported URI scheme
Feb 14 17:43 : exception: Failed to open '/home/shridal/.config/mpd/playlists/[Radio Streams].m3u': No such file or directory
Feb 14 17:43 : exception: No such playlist
Feb 14 23:02 : ffmpeg/mov,mp4,m4a,3gp,3g2,mj2: stream 0, timescale not set
Feb 14 23:06 : player: played "Aaja Matra (Sajjan Raj Vaidya).m4a"
Feb 14 23:07 : ffmpeg/mov,mp4,m4a,3gp,3g2,mj2: stream 0, timescale not set
Feb 14 23:12 : player: played "Sajjan Raj Vaidya - Chitthi Bhitra [Official Release].m4a"
Feb 14 23:13 : ffmpeg/mov,mp4,m4a,3gp,3g2,mj2: stream 0, timescale not set
Feb 14 23:18 : player: played "Sajjan Raj Vaidya - Naganya Maya [Official Release].m4a"
Feb 15 16:37 : ffmpeg/mov,mp4,m4a,3gp,3g2,mj2: stream 0, timescale not set
Feb 15 16:40 : player: played "YOASOBI「怪物」Official Music Video　(YOASOBI - Monster).m4a"
Feb 15 19:23 : exception: Unsupported URI scheme
Feb 15 19:23 : exception: Failed to open '/home/shridal/.config/mpd/playlists/[Radio Streams].m3u': No such file or directory
Feb 15 19:23 : exception: No such playlist
Feb 15 19:25 : exception: Unsupported URI scheme
Feb 15 19:25 : exception: Failed to open '/home/shridal/.config/mpd/playlists/[Radio Streams].m3u': No such file or directory
Feb 15 19:25 : exception: No such playlist
Feb 15 19:26 : ffmpeg/mov,mp4,m4a,3gp,3g2,mj2: stream 0, timescale not set
Feb 15 19:30 : ffmpeg/mov,mp4,m4a,3gp,3g2,mj2: stream 0, timescale not set
Feb 15 19:31 : player: played "Sajjan Raj Vaidya - Chitthi Bhitra [Official Release].m4a"
Feb 15 19:35 : ffmpeg/mov,mp4,m4a,3gp,3g2,mj2: stream 0, timescale not set
Feb 15 19:35 : player: played "Sajjan Raj Vaidya - Ek Sarvanaam [Official Release].m4a"
Feb 15 19:40 : ffmpeg/mov,mp4,m4a,3gp,3g2,mj2: stream 0, timescale not set
Feb 15 19:40 : player: played "Sajjan Raj Vaidya - Hawaijahaj [Official Video].m4a"
Feb 15 19:47 : ffmpeg/mov,mp4,m4a,3gp,3g2,mj2: stream 0, timescale not set
Feb 15 19:47 : player: played "Sajjan Raj Vaidya - Lukaamaari [Official Music Video].m4a"
Feb 15 19:52 : ffmpeg/mov,mp4,m4a,3gp,3g2,mj2: stream 0, timescale not set
Feb 15 19:52 : player: played "Sajjan Raj Vaidya - Mooskaan [Official Lyrical Video].m4a"
Feb 15 19:57 : ffmpeg/mov,mp4,m4a,3gp,3g2,mj2: stream 0, timescale not set
Feb 15 19:57 : player: played "Sajjan Raj Vaidya - Naganya Maya [Official Release].m4a"
Feb 16 00:23 : player: played "Sajjan Raj Vaidya - Parkhaai [Official Release].m4a"
Feb 16 23:51 : exception: Unsupported URI scheme
Feb 16 23:51 : exception: Failed to open '/home/shridal/.config/mpd/playlists/[Radio Streams].m3u': No such file or directory
Feb 16 23:51 : exception: No such playlist
Feb 17 17:50 : ffmpeg/mov,mp4,m4a,3gp,3g2,mj2: stream 0, timescale not set
Feb 17 17:50 : player: played "「ツバメ」- YOASOBI with ミドリーズ Official Music Video.m4a"
Feb 17 17:50 : ffmpeg/mov,mp4,m4a,3gp,3g2,mj2: stream 0, timescale not set
Feb 17 17:51 : exception: Unsupported URI scheme
Feb 17 17:51 : exception: Failed to open '/home/shridal/.config/mpd/playlists/[Radio Streams].m3u': No such file or directory
Feb 17 17:51 : exception: No such playlist
Feb 17 23:38 : player: played "「ツバメ」- YOASOBI with ミドリーズ Official Music Video.m4a"
Feb 17 23:38 : output: Failed to pause "default detected output" (pulse): failed to connect the stream: Connection terminated
Feb 20 16:23 : mixer: Failed to read mixer for 'default detected output': no such mixer control: PCM
Feb 21 12:14 : mixer: Failed to read mixer for 'default detected output': no such mixer control: PCM
Feb 28 16:51 : mixer: Failed to read mixer for 'default detected output': no such mixer control: PCM
Feb 28 17:07 : mixer: Failed to read mixer for 'default detected output': no such mixer control: PCM
Feb 28 17:08 : mixer: Failed to read mixer for 'default detected output': no such mixer control: PCM
Feb 28 17:14 : mixer: Failed to read mixer for 'default detected output': no such mixer control: PCM
Feb 28 17:17 : mixer: Failed to read mixer for 'default detected output': no such mixer control: PCM
Mar 02 20:49 : mixer: Failed to read mixer for 'default detected output': no such mixer control: PCM
Mar 04 16:02 : mixer: Failed to read mixer for 'default detected output': no such mixer control: PCM
Mar 04 19:23 : mixer: Failed to read mixer for 'default detected output': no such mixer control: PCM
Mar 04 20:07 : mixer: Failed to read mixer for 'default detected output': no such mixer control: PCM
Mar 04 20:48 : mixer: Failed to read mixer for 'default detected output': no such mixer control: PCM
Mar 05 14:32 : mixer: Failed to read mixer for 'default detected output': no such mixer control: PCM
Mar 19 11:41 : exception: Unsupported URI scheme
Mar 19 11:41 : mixer: Failed to read mixer for 'default detected output': no such mixer control: PCM
Mar 19 11:41 : exception: Failed to open '/home/shridal/.config/mpd/playlists/[Radio Streams].m3u': No such file or directory
Mar 19 11:41 : exception: No such playlist
Mar 22 11:23 : mixer: Failed to read mixer for 'default detected output': no such mixer control: PCM
Mar 22 11:54 : mixer: Failed to read mixer for 'default detected output': no such mixer control: PCM
Mar 22 11:55 : ffmpeg/mov,mp4,m4a,3gp,3g2,mj2: stream 0, timescale not set
Mar 22 11:55 : output: Failed to open mixer for 'default detected output': no such mixer control: PCM
Mar 22 11:56 : exception: Unsupported URI scheme
Mar 22 11:56 : exception: Failed to open '/home/shridal/.config/mpd/playlists/[Radio Streams].m3u': No such file or directory
Mar 22 11:56 : exception: No such playlist
Mar 22 15:29 : player: played "「ツバメ」- YOASOBI with ミドリーズ Official Music Video.m4a"
Mar 28 15:00 : exception: Unsupported URI scheme
Mar 28 15:00 : mixer: Failed to read mixer for 'default detected output': no such mixer control: PCM
Mar 28 15:00 : exception: Failed to open '/home/shridal/.config/mpd/playlists/[Radio Streams].m3u': No such file or directory
Mar 28 15:00 : exception: No such playlist
Mar 28 15:00 : output: Failed to open mixer for 'default detected output': no such mixer control: PCM
Mar 28 15:38 : player: played "http://127.0.0.1:33183/home/shridal/Music/badapple.mp3?time=219&id=-1&cantata=song"
Apr 14 23:06 : mixer: Failed to read mixer for 'default detected output': no such mixer control: PCM
May 12 18:16 : mixer: Failed to read mixer for 'default detected output': no such mixer control: PCM
May 12 20:02 : mixer: Failed to read mixer for 'default detected output': no such mixer control: PCM
May 12 20:36 : mixer: Failed to read mixer for 'default detected output': no such mixer control: PCM
May 12 22:22 : mixer: Failed to read mixer for 'default detected output': no such mixer control: PCM
May 12 23:32 : mixer: Failed to read mixer for 'default detected output': no such mixer control: PCM
May 26 23:28 : mixer: Failed to read mixer for 'default detected output': no such mixer control: PCM
May 28 18:09 : mixer: Failed to read mixer for 'default detected output': no such mixer control: PCM
May 28 21:38 : mixer: Failed to read mixer for 'default detected output': no such mixer control: PCM
Jun 06 10:47 : mixer: Failed to read mixer for 'default detected output': no such mixer control: PCM
Jun 15 20:31 : mixer: Failed to read mixer for 'default detected output': no such mixer control: PCM
Jun 15 23:03 : mixer: Failed to read mixer for 'default detected output': no such mixer control: PCM
Jun 16 17:31 : mixer: Failed to read mixer for 'default detected output': no such mixer control: PCM
Jun 17 11:52 : mixer: Failed to read mixer for 'default detected output': no such mixer control: PCM
Jun 21 22:52 : mixer: Failed to read mixer for 'default detected output': no such mixer control: PCM
Jun 22 12:35 : mixer: Failed to read mixer for 'default detected output': no such mixer control: PCM
Jun 24 17:57 : mixer: Failed to read mixer for 'default detected output': no such mixer control: PCM
Jun 27 10:16 : mixer: Failed to read mixer for 'default detected output': no such mixer control: PCM
Jun 27 17:38 : mixer: Failed to read mixer for 'default detected output': no such mixer control: PCM
Jun 27 18:09 : exception: Unsupported URI scheme
Jun 27 18:09 : exception: Failed to open '/home/shridal/.config/mpd/playlists/[Radio Streams].m3u': No such file or directory
Jun 27 18:09 : exception: No such playlist
Jun 27 18:09 : output: Failed to open mixer for 'default detected output': no such mixer control: PCM
Jun 27 18:09 : player: played "http://127.0.0.1:33183/run/user/1000/gvfs/mtp:host=Xiaomi_Redmi_9_PJYTT4QKSWJ7BMQC/SD%20card/ARTOC/Return%20to%20Immortality%20(%ED%9A%8C%EA%B7%80%EC%88%98%EC%84%A0%EC%A0%84.mp3?time=419&id=-1&cantata=song"
Jun 28 20:29 : mixer: Failed to read mixer for 'default detected output': no such mixer control: PCM
Jun 30 14:43 : mixer: Failed to read mixer for 'default detected output': no such mixer control: PCM
Jul 01 12:12 : mixer: Failed to read mixer for 'default detected output': no such mixer control: PCM
Jul 01 13:49 : mixer: Failed to read mixer for 'default detected output': no such mixer control: PCM
Jul 01 21:09 : mixer: Failed to read mixer for 'default detected output': no such mixer control: PCM
Jul 02 10:54 : mixer: Failed to read mixer for 'default detected output': no such mixer control: PCM
Jul 02 11:18 : ffmpeg/mov,mp4,m4a,3gp,3g2,mj2: stream 0, timescale not set
Jul 02 11:18 : output: Failed to open mixer for 'default detected output': no such mixer control: PCM
Jul 02 11:18 : player: played "「ツバメ」- YOASOBI with ミドリーズ Official Music Video.m4a"
Jul 02 11:18 : ffmpeg/mov,mp4,m4a,3gp,3g2,mj2: stream 0, timescale not set
Jul 02 11:18 : output: Failed to open mixer for 'default detected output': no such mixer control: PCM
Jul 02 11:19 : output: Failed to open mixer for 'default detected output': no such mixer control: PCM
Jul 03 00:05 : player: played "「ツバメ」- YOASOBI with ミドリーズ Official Music Video.m4a"
Jul 03 00:10 : mixer: Failed to read mixer for 'default detected output': no such mixer control: PCM
Jul 03 13:02 : mixer: Failed to read mixer for 'default detected output': no such mixer control: PCM
Jul 07 15:49 : mixer: Failed to read mixer for 'default detected output': no such mixer control: PCM
Jul 09 16:22 : mixer: Failed to read mixer for 'default detected output': no such mixer control: PCM
Jul 13 10:32 : mixer: Failed to read mixer for 'default detected output': no such mixer control: PCM
Jul 14 18:22 : mixer: Failed to read mixer for 'default detected output': no such mixer control: PCM
Jul 14 22:03 : mixer: Failed to read mixer for 'default detected output': no such mixer control: PCM
Jul 15 14:24 : mixer: Failed to read mixer for 'default detected output': no such mixer control: PCM
Jul 16 18:43 : mixer: Failed to read mixer for 'default detected output': no such mixer control: PCM
Jul 16 22:45 : mixer: Failed to read mixer for 'default detected output': no such mixer control: PCM
Jul 17 18:18 : mixer: Failed to read mixer for 'default detected output': no such mixer control: PCM
Jul 18 17:44 : mixer: Failed to read mixer for 'default detected output': no such mixer control: PCM
Jul 19 19:08 : exception: Not playing
Jul 20 23:08 : mixer: Failed to read mixer for 'default detected output': no such mixer control: PCM
Jul 24 20:20 : mixer: Failed to read mixer for 'default detected output': no such mixer control: PCM
Jul 24 20:35 : mixer: Failed to read mixer for 'default detected output': no such mixer control: PCM
Jul 24 20:47 : mixer: Failed to read mixer for 'default detected output': no such mixer control: PCM
Jul 24 20:56 : mixer: Failed to read mixer for 'default detected output': no such mixer control: PCM
Jul 24 21:13 : mixer: Failed to read mixer for 'default detected output': no such mixer control: PCM
Jul 25 00:03 : mixer: Failed to read mixer for 'default detected output': no such mixer control: PCM
Jul 27 10:47 : mixer: Failed to read mixer for 'default detected output': no such mixer control: PCM
